1                                                          The SAS System                                19:37 Tuesday, May 25, 2021

NOTE: Unable to open SASUSER.REGSTRY. WORK.REGSTRY will be opened instead.
NOTE: All registry changes will be lost at the end of the session.

WARNING: Unable to copy SASUSER registry to WORK registry. Because of this, you will not see registry customizations during this 
         session.
NOTE: Unable to open SASUSER.PROFILE. WORK.PROFILE will be opened instead.
NOTE: All profile changes will be lost at the end of the session.
NOTE: Copyright (c) 2016 by SAS Institute Inc., Cary, NC, USA. 
NOTE: SAS (r) Proprietary Software 9.4 (TS1M5) 
      Licensed to BOSTON UNIVERSITY - SFA T&R, Site 70084216.
NOTE: This session is executing on the Linux 3.10.0-1160.25.1.el7.x86_64 (LIN X64) platform.



NOTE: Updated analytical products:
      
      SAS/STAT 14.3
      SAS/ETS 14.3
      SAS/OR 14.3
      SAS/IML 14.3
      SAS/QC 14.3

NOTE: Additional host information:

 Linux LIN X64 3.10.0-1160.25.1.el7.x86_64 #1 SMP Wed Apr 28 21:49:45 UTC 2021 x86_64 CentOS Linux release 7.9.2009 (Core) 

You are running SAS 9. Some SAS 8 files will be automatically converted 
by the V9 engine; others are incompatible.  Please see 
http://support.sas.com/rnd/migration/planning/platform/64bit.html

PROC MIGRATE will preserve current SAS file attributes and is 
recommended for converting all your SAS libraries from any 
SAS 8 release to SAS 9.  For details and examples, please see
http://support.sas.com/rnd/migration/index.html


This message is contained in the SAS news file, and is presented upon
initialization.  Edit the file "news" in the "misc/base" directory to
display site-specific news and information in the program log.
The command line option "-nonews" will prevent this display.




NOTE: SAS initialization used:
      real time           0.41 seconds
      cpu time            0.06 seconds
      
1          /*
2          *========================================================================*
3          * Program:   Identifying family risk from diagnosis 		             *
4          *                                                                        *
5          * Purpose:   This code identifies non-sample individuals diagnosed 	 *
6          * 		with an HCC in 2007. Then, calculates the rate at which  *
7          *		other family members are diagnosed in next 10 years.     *
8          *                                                                        *
9          * Note: This file							 *
10         * Author:    Alex Hoagland	                                         *
2                                                          The SAS System                                19:37 Tuesday, May 25, 2021

11         *            Boston University				                 *
12         *									 *
13         * Created:   October, 2020		                                 *
14         * Updated:  		                                                 *
15         *========================================================================*;
16         */
17         
18         *Set libraries;
19         libname in '/projectnb2/marketscan' access=readonly;
NOTE: Libref IN was successfully assigned as follows: 
      Engine:        V9 
      Physical Name: /projectnb2/marketscan
20         libname out '/project/caretaking/IdentifyPHat/';
NOTE: Libref OUT was successfully assigned as follows: 
      Engine:        V9 
      Physical Name: /project/caretaking/IdentifyPHat
21         
22         /*------------------------------------------------------------------------*
23          * 		ORDER OF OPERATIONS					  *
24          * 0. Identify all with HCC  claims in 2012-2018			  *
25          * 1. Pull enrollment files for all families in (0.)			  *
26          * 2. The rest is done in stata						  *
27          *------------------------------------------------------------------------*/;
28         
29         
30         /* --- 0. All Claims, 2012 - 2018 -----------------------------------------*/;
31         data out.allclaims_hcc30_2012;
32            set in.ms_o_2012(keep=enrolid age sex year dx1 dx2 svcdate) in.ms_s_2012(keep=enrolid age sex year dx1 dx2 svcdate);
NOTE: Data file IN.MS_O_2012.DATA is in a format that is native to another host, or the file encoding does not match the session 
      encoding. Cross Environment Data Access will be used, which might require additional CPU resources and might reduce 
      performance.
NOTE: Data file IN.MS_S_2012.DATA is in a format that is native to another host, or the file encoding does not match the session 
      encoding. Cross Environment Data Access will be used, which might require additional CPU resources and might reduce 
      performance.
33         
34            if dx1 in: ('0363', '2510', '25200', '25201', '25202', '25208', '2521', '2528', '2529', '2530', '2531', '2532',
34       ! '2533', '2534', '2535', '2536', '2537', '2538', '2539', '2540', '2541', '2548', '2549', '2550', '25510', '25511',
34       ! '25512', '25513', '25514', '2552', '2553', '25541', '25542', '2555', '2556', '2558', '2559', '25801', '25802', '25803',
34       ! '2581', '2588', '2589', '5881', '58881', 'A391', 'E035', 'E15', 'E200', 'E208', 'E209', 'E210', 'E211', 'E212', 'E213',
34       ! 'E214', 'E215', 'E220', 'E221', 'E222', 'E228', 'E229', 'E230', 'E231', 'E232', 'E233', 'E236', 'E237', 'E240', 'E241',
34       ! 'E242', 'E243', 'E244', 'E248', 'E249', 'E250', 'E258', 'E259', 'E2601', 'E2602', 'E2609', 'E261', 'E2681', 'E2689',
34       ! 'E269', 'E270', 'E271', 'E272', 'E273', 'E2740', 'E2749', 'E275', 'E278', 'E279', 'E310', 'E311', 'E3120', 'E3121',
34       ! 'E3122', 'E3123', 'E318', 'E319', 'E320', 'E321', 'E328', 'E329', 'E344', 'E892', 'E893', 'E896', 'N251', 'N2581');
35         run;

NOTE: There were 1055009390 observations read from the data set IN.MS_O_2012.
NOTE: There were 76741227 observations read from the data set IN.MS_S_2012.
NOTE: The data set OUT.ALLCLAIMS_HCC30_2012 has 1265648 observations and 7 variables.
NOTE: DATA statement used (Total process time):
      real time           2:01:51.51
      cpu time            1:40:54.83
      

36         
37         * Collapse to enrollee level;
38         proc sql;
39            create table out.allenrollees_hcc30_2012 as
40            select enrolid from out.allclaims_hcc30_2012
3                                                          The SAS System                                19:37 Tuesday, May 25, 2021

41            group by enrolid;
WARNING: A GROUP BY clause has been transformed into an ORDER BY clause because neither the SELECT clause nor the optional HAVING 
         clause of the associated table-expression referenced a summary function.
NOTE: Table OUT.ALLENROLLEES_HCC30_2012 created, with 1265648 rows and 1 columns.

42         quit;
NOTE: PROCEDURE SQL used (Total process time):
      real time           0.83 seconds
      cpu time            0.78 seconds
      

43         
44         data out.allenrollees_hcc30_2012;
45            set out.allenrollees_hcc30_2012;
46         
47            famid = floor(enrolid/100);
48         run;

NOTE: There were 1265648 observations read from the data set OUT.ALLENROLLEES_HCC30_2012.
NOTE: The data set OUT.ALLENROLLEES_HCC30_2012 has 1265648 observations and 2 variables.
NOTE: DATA statement used (Total process time):
      real time           0.36 seconds
      cpu time            0.31 seconds
      

49         
50         /* --- 1. Enrollment Info for all involved families -----------------------------------------*/;
51         data out.allenrollment_30_2012;
52            if _N_=1 then do;
53            declare hash ids(dataset:"out.allenrollees_hcc30_2012");
54            ids.definekey('famid');
55            ids.definedone();
56            end;
57         
58            set in.ms_a_2012;
NOTE: Data file IN.MS_A_2012.DATA is in a format that is native to another host, or the file encoding does not match the session 
      encoding. Cross Environment Data Access will be used, which might require additional CPU resources and might reduce 
      performance.
59            famid = floor(enrolid/100);
60            if ids.find()^=0 then delete;
61         run;

NOTE: There were 1265648 observations read from the data set OUT.ALLENROLLEES_HCC30_2012.
NOTE: There were 53131420 observations read from the data set IN.MS_A_2012.
NOTE: The data set OUT.ALLENROLLMENT_30_2012 has 418463 observations and 84 variables.
NOTE: DATA statement used (Total process time):
      real time           8:05.79
      cpu time            8:05.66
      


NOTE: SAS Institute Inc., SAS Campus Drive, Cary, NC USA 27513-2414
NOTE: The SAS System used:
      real time           2:09:59.04
      cpu time            1:49:01.66
      
