1                                                          The SAS System                            14:06 Wednesday, April 14, 2021

NOTE: Copyright (c) 2016 by SAS Institute Inc., Cary, NC, USA. 
NOTE: SAS (r) Proprietary Software 9.4 (TS1M5) 
      Licensed to BOSTON UNIVERSITY - SFA T&R, Site 70084216.
NOTE: This session is executing on the Linux 3.10.0-1160.15.2.el7.x86_64 (LIN X64) platform.



NOTE: Updated analytical products:
      
      SAS/STAT 14.3
      SAS/ETS 14.3
      SAS/OR 14.3
      SAS/IML 14.3
      SAS/QC 14.3

NOTE: Additional host information:

 Linux LIN X64 3.10.0-1160.15.2.el7.x86_64 #1 SMP Wed Feb 3 15:06:38 UTC 2021 x86_64 CentOS Linux release 7.9.2009 (Core) 

You are running SAS 9. Some SAS 8 files will be automatically converted 
by the V9 engine; others are incompatible.  Please see 
http://support.sas.com/rnd/migration/planning/platform/64bit.html

PROC MIGRATE will preserve current SAS file attributes and is 
recommended for converting all your SAS libraries from any 
SAS 8 release to SAS 9.  For details and examples, please see
http://support.sas.com/rnd/migration/index.html


This message is contained in the SAS news file, and is presented upon
initialization.  Edit the file "news" in the "misc/base" directory to
display site-specific news and information in the program log.
The command line option "-nonews" will prevent this display.




NOTE: SAS initialization used:
      real time           1.29 seconds
      cpu time            0.06 seconds
      
1          /*
2          *========================================================================*
3          * Program:   Realized Chronic Care Spending: IP.sas                      *
4          *                                                                        *
5          * Purpose:   This program identifies each enrollee-HCC's realized        *
6          * 		chronic care spenidng in a year.			 *
7          *                                                                        *
8          * Author:    Alex Hoagland						 *
9          *            Boston University				                 *
10         *                                                                        *
11         * Created:   Feb, 2021		                                         *
12         * Updated:  				                                 *
13         *========================================================================*;
14         */
15         
16         *Set libraries;
17         libname in '/projectnb2/caretaking/SpendingFiles/' access=readonly;
2                                                          The SAS System                            14:06 Wednesday, April 14, 2021

NOTE: Libref IN was successfully assigned as follows: 
      Engine:        V9 
      Physical Name: /projectnb2/caretaking/SpendingFiles
18         libname out '/project/caretaking/';
NOTE: Libref OUT was successfully assigned as follows: 
      Engine:        V9 
      Physical Name: /project/caretaking
19         
20         *** Start with all claims, keep only those associated with certain HCCs;
21         data out.chroniccosts_ip(compress=yes);
22            set in.allfamilies_inpatient(keep=enrolid year copay cob deduct coins pay dx: proc1);
23         
24            if year > 2013 then delete;
25         
26            hcc = 0;
27         
28                 *12     "50+ Breast and Prostate Cancer";
29             if (dx1 in: ('C4A0', 'C4A10', 'C4A11', 'C4A12', 'C4A20', 'C4A21', 'C4A22', 'C4A30', 'C4A31', 'C4A39', 'C4A4',
29       ! 'C4A51', 'C4A52', 'C4A59', 'C4A60', 'C4A61', 'C4A62',
30         		'C4A70', 'C4A71', 'C4A72', 'C4A8', 'C4A9', 'C50011', 'C50012', 'C50019', 'C50021', 'C50022', 'C50029', 'C50111',
30       ! 'C50112', 'C50119', 'C50121', 'C50122',
31         		'C50129', 'C50211', 'C50212', 'C50219', 'C50221', 'C50222', 'C50229', 'C50311', 'C50312', 'C50319', 'C50321', 'C50322',
31       !  'C50329', 'C50411', 'C50412',
32         		'C50419', 'C50421', 'C50422', 'C50429', 'C50511', 'C50512', 'C50519', 'C50521', 'C50522', 'C50529', 'C50611', 'C50612',
32       !  'C50619', 'C50621', 'C50622',
33         		'C50629', 'C50811', 'C50812', 'C50819', 'C50821', 'C50822', 'C50829', 'C50911', 'C50912', 'C50919', 'C50921', 'C50922',
33       !  'C50929', 'C510', 'C511', 'C512',
34         		'C518', 'C519', 'C52', 'C530', 'C531', 'C538', 'C539', 'C540', 'C541', 'C542', 'C543', 'C548', 'C549', 'C55', 'C577',
34       ! 'C578', 'C579', 'C61', 'C661',
35         		'C662', 'C669', 'C670', 'C671', 'C672', 'C673', 'C674', 'C675', 'C676', 'C677', 'C678', 'C679', 'C680', 'C681', 'C688',
35       !  'C689', 'C6900', 'C6901',
36         		'C6902', 'C6910', 'C6911', 'C6912', 'C6920', 'C6921', 'C6922', 'C6930', 'C6931', 'C6932', 'C6940', 'C6941', 'C6942',
36       ! 'C6950', 'C6951', 'C6952', 'C6960',
37         		'C6961', 'C6962', 'C6980', 'C6981', 'C6982', 'C6990', 'C6991', 'C6992', 'C760', 'C761', 'C762', 'C763', 'C7640',
37       ! 'C7641', 'C7642', 'C7650', 'C7651',
38         		'C7652', 'C768', 'C7A00', 'C7A010', 'C7A011', 'C7A012', 'C7A019', 'C7A020', 'C7A021', 'C7A022', 'C7A023', 'C7A024',
38       ! 'C7A025', 'C7A026', 'C7A029',
39         		'C7A090', 'C7A091', 'C7A092', 'C7A093', 'C7A094', 'C7A095', 'C7A096', 'C7A098', 'C7A1', 'C7A8', 'C802', 'C8100',
39       ! 'C8101', 'C8102', 'C8103', 'C8104',
40         		'C8105', 'C8106', 'C8107', 'C8108', 'C8109', 'C8110', 'C8111', 'C8112', 'C8113', 'C8114', 'C8115', 'C8116', 'C8117',
40       ! 'C8118', 'C8119', 'C8120', 'C8121',
41         		'C8122', 'C8123', 'C8124', 'C8125', 'C8126', 'C8127', 'C8128', 'C8129', 'C8130', 'C8131', 'C8132', 'C8133', 'C8134',
41       ! 'C8135', 'C8136', 'C8137', 'C8138',
42         		'C8139', 'C8140', 'C8141', 'C8142', 'C8143', 'C8144', 'C8145', 'C8146', 'C8147', 'C8148', 'C8149', 'C8170', 'C8171',
42       ! 'C8172', 'C8173', 'C8174', 'C8175',
43         		'C8176', 'C8177', 'C8178', 'C8179', 'C8190', 'C8191', 'C8192', 'C8193', 'C8194', 'C8195', 'C8196', 'C8197', 'C8198',
43       ! 'C8199', 'D1802', 'D320', 'D321',
44         		'D329', 'D330', 'D331', 'D332', 'D333', 'D334', 'D337', 'D339', 'D352', 'D353', 'D354', 'D420', 'D421', 'D429', 'D430',
44       !  'D431', 'D432', 'D433', 'D434',
45         		'D438', 'D439', 'D443', 'D444', 'D445', 'D446', 'D447', 'D496', 'Q851', 'Q858', 'Q859', '1740', '1741', '1742', '1743',
45       !  '1744', '1745', '1746', '1748',
46         		'1749', '1750', '1759', '179', '1800', '1801', '1808', '1809', '1820', '1821', '1828', '1840', '1841', '1842', '1843',
46       ! '1844', '1848', '1849', '185',
47         		'1880', '1881', '1882', '1883', '1884', '1885', '1886', '1887', '1888', '1889', '1892', '1893', '1894', '1898', '1899',
47       !  '1900', '1901', '1902', '1903',
48         		'1904', '1905', '1906', '1907', '1908', '1909', '1950', '1951', '1952', '1953', '1954', '1955', '1958', '1992',
48       ! '20100', '20101', '20102', '20103',
49         		'20104', '20105', '20106', '20107', '20108', '20110', '20111', '20112', '20113', '20114', '20115', '20116', '20117',
3                                                          The SAS System                            14:06 Wednesday, April 14, 2021

49       ! '20118', '20120', '20121', '20122',
50         		'20123', '20124', '20125', '20126', '20127', '20128', '20140', '20141', '20142', '20143', '20144', '20145', '20146',
50       ! '20147', '20148', '20150', '20151',
51         		'20152', '20153', '20154', '20155', '20156', '20157', '20158', '20160', '20161', '20162', '20163', '20164', '20165',
51       ! '20166', '20167', '20168', '20170',
52         		'20171', '20172', '20173', '20174', '20175', '20176', '20177', '20178', '20190', '20191', '20192', '20193', '20194',
52       ! '20195', '20196', '20197', '20198',
53         		'20900', '20901', '20902', '20903', '20910', '20911', '20912', '20913', '20914', '20915', '20916', '20917', '20920',
53       ! '20921', '20922', '20923', '20924',
54         		'20925', '20926', '20927', '20929', '20930', '20931', '20932', '20933', '20934', '20935', '20936', '2250', '2251',
54       ! '2252', '2253', '2254', '2258', '2259',
55         		'2273', '2274', '22802', '2370', '2371', '2373', '2375', '2376', '2379', '2396', '7595', '7596') or
56         	dx2 in: ('C4A0', 'C4A10', 'C4A11', 'C4A12', 'C4A20', 'C4A21', 'C4A22', 'C4A30', 'C4A31', 'C4A39', 'C4A4', 'C4A51',
56       ! 'C4A52', 'C4A59', 'C4A60', 'C4A61', 'C4A62',
57         		'C4A70', 'C4A71', 'C4A72', 'C4A8', 'C4A9', 'C50011', 'C50012', 'C50019', 'C50021', 'C50022', 'C50029', 'C50111',
57       ! 'C50112', 'C50119', 'C50121', 'C50122',
58         		'C50129', 'C50211', 'C50212', 'C50219', 'C50221', 'C50222', 'C50229', 'C50311', 'C50312', 'C50319', 'C50321', 'C50322',
58       !  'C50329', 'C50411', 'C50412',
59         		'C50419', 'C50421', 'C50422', 'C50429', 'C50511', 'C50512', 'C50519', 'C50521', 'C50522', 'C50529', 'C50611', 'C50612',
59       !  'C50619', 'C50621', 'C50622',
60         		'C50629', 'C50811', 'C50812', 'C50819', 'C50821', 'C50822', 'C50829', 'C50911', 'C50912', 'C50919', 'C50921', 'C50922',
60       !  'C50929', 'C510', 'C511', 'C512',
61         		'C518', 'C519', 'C52', 'C530', 'C531', 'C538', 'C539', 'C540', 'C541', 'C542', 'C543', 'C548', 'C549', 'C55', 'C577',
61       ! 'C578', 'C579', 'C61', 'C661',
62         		'C662', 'C669', 'C670', 'C671', 'C672', 'C673', 'C674', 'C675', 'C676', 'C677', 'C678', 'C679', 'C680', 'C681', 'C688',
62       !  'C689', 'C6900', 'C6901',
63         		'C6902', 'C6910', 'C6911', 'C6912', 'C6920', 'C6921', 'C6922', 'C6930', 'C6931', 'C6932', 'C6940', 'C6941', 'C6942',
63       ! 'C6950', 'C6951', 'C6952', 'C6960',
64         		'C6961', 'C6962', 'C6980', 'C6981', 'C6982', 'C6990', 'C6991', 'C6992', 'C760', 'C761', 'C762', 'C763', 'C7640',
64       ! 'C7641', 'C7642', 'C7650', 'C7651',
65         		'C7652', 'C768', 'C7A00', 'C7A010', 'C7A011', 'C7A012', 'C7A019', 'C7A020', 'C7A021', 'C7A022', 'C7A023', 'C7A024',
65       ! 'C7A025', 'C7A026', 'C7A029',
66         		'C7A090', 'C7A091', 'C7A092', 'C7A093', 'C7A094', 'C7A095', 'C7A096', 'C7A098', 'C7A1', 'C7A8', 'C802', 'C8100',
66       ! 'C8101', 'C8102', 'C8103', 'C8104',
67         		'C8105', 'C8106', 'C8107', 'C8108', 'C8109', 'C8110', 'C8111', 'C8112', 'C8113', 'C8114', 'C8115', 'C8116', 'C8117',
67       ! 'C8118', 'C8119', 'C8120', 'C8121',
68         		'C8122', 'C8123', 'C8124', 'C8125', 'C8126', 'C8127', 'C8128', 'C8129', 'C8130', 'C8131', 'C8132', 'C8133', 'C8134',
68       ! 'C8135', 'C8136', 'C8137', 'C8138',
69         		'C8139', 'C8140', 'C8141', 'C8142', 'C8143', 'C8144', 'C8145', 'C8146', 'C8147', 'C8148', 'C8149', 'C8170', 'C8171',
69       ! 'C8172', 'C8173', 'C8174', 'C8175',
70         		'C8176', 'C8177', 'C8178', 'C8179', 'C8190', 'C8191', 'C8192', 'C8193', 'C8194', 'C8195', 'C8196', 'C8197', 'C8198',
70       ! 'C8199', 'D1802', 'D320', 'D321',
71         		'D329', 'D330', 'D331', 'D332', 'D333', 'D334', 'D337', 'D339', 'D352', 'D353', 'D354', 'D420', 'D421', 'D429', 'D430',
71       !  'D431', 'D432', 'D433', 'D434',
72         		'D438', 'D439', 'D443', 'D444', 'D445', 'D446', 'D447', 'D496', 'Q851', 'Q858', 'Q859', '1740', '1741', '1742', '1743',
72       !  '1744', '1745', '1746', '1748',
73         		'1749', '1750', '1759', '179', '1800', '1801', '1808', '1809', '1820', '1821', '1828', '1840', '1841', '1842', '1843',
73       ! '1844', '1848', '1849', '185',
74         		'1880', '1881', '1882', '1883', '1884', '1885', '1886', '1887', '1888', '1889', '1892', '1893', '1894', '1898', '1899',
74       !  '1900', '1901', '1902', '1903',
75         		'1904', '1905', '1906', '1907', '1908', '1909', '1950', '1951', '1952', '1953', '1954', '1955', '1958', '1992',
75       ! '20100', '20101', '20102', '20103',
76         		'20104', '20105', '20106', '20107', '20108', '20110', '20111', '20112', '20113', '20114', '20115', '20116', '20117',
76       ! '20118', '20120', '20121', '20122',
77         		'20123', '20124', '20125', '20126', '20127', '20128', '20140', '20141', '20142', '20143', '20144', '20145', '20146',
77       ! '20147', '20148', '20150', '20151',
78         		'20152', '20153', '20154', '20155', '20156', '20157', '20158', '20160', '20161', '20162', '20163', '20164', '20165',
78       ! '20166', '20167', '20168', '20170',
4                                                          The SAS System                            14:06 Wednesday, April 14, 2021

79         		'20171', '20172', '20173', '20174', '20175', '20176', '20177', '20178', '20190', '20191', '20192', '20193', '20194',
79       ! '20195', '20196', '20197', '20198',
80         		'20900', '20901', '20902', '20903', '20910', '20911', '20912', '20913', '20914', '20915', '20916', '20917', '20920',
80       ! '20921', '20922', '20923', '20924',
81         		'20925', '20926', '20927', '20929', '20930', '20931', '20932', '20933', '20934', '20935', '20936', '2250', '2251',
81       ! '2252', '2253', '2254', '2258', '2259',
82         		'2273', '2274', '22802', '2370', '2371', '2373', '2375', '2376', '2379', '2396', '7595', '7596')) then hcc = 12;
83         
84             *13     "Thyroid Cancer";
85             if (dx1 in: ('1720', '1721', '1722', '1723', '1724', '1725', '1726', '1727', '1728', '1729', '1860', '1869', '1871',
85       ! '1872', '1873', '1874', '1875', '1876', '1877', '1878', '1879', '193', '1941', '1945', '1946', '1948', '1949', '1991',
85       ! '23770', '23771', '23772', '23773', '23779', '2592', 'C430', 'C4310', 'C4311', 'C4312', 'C4320', 'C4321', 'C4322',
85       ! 'C4330', 'C4331', 'C4339', 'C434', 'C4351', 'C4352', 'C4359', 'C4360', 'C4361', 'C4362', 'C4370', 'C4371', 'C4372',
85       ! 'C438', 'C439', 'C600', 'C601', 'C602', 'C608', 'C609', 'C6200', 'C6201', 'C6202', 'C6210', 'C6211', 'C6212', 'C6290',
85       ! 'C6291', 'C6292', 'C6300', 'C6301', 'C6302', 'C6310', 'C6311', 'C6312', 'C632', 'C637', 'C638', 'C639', 'C73', 'C750',
85       ! 'C754', 'C755', 'C758', 'C759', 'C801', 'D030', 'D0310', 'D0311', 'D0312', 'D0320', 'D0321', 'D0322', 'D0330', 'D0339',
85       ! 'D034', 'D0351', 'D0352', 'D0359', 'D0360', 'D0361', 'D0362', 'D0370', 'D0371', 'D0372', 'D038', 'D039', 'E340', 'Q8500',
85       !  'Q8501', 'Q8502', 'Q8503', 'Q8509') or
86                 dx2 in: ('1720', '1721', '1722', '1723', '1724', '1725', '1726', '1727', '1728', '1729', '1860', '1869', '1871',
86       ! '1872', '1873', '1874', '1875', '1876', '1877', '1878', '1879', '193', '1941', '1945', '1946', '1948', '1949', '1991',
86       ! '23770', '23771', '23772', '23773', '23779', '2592', 'C430', 'C4310', 'C4311', 'C4312', 'C4320', 'C4321', 'C4322',
86       ! 'C4330', 'C4331', 'C4339', 'C434', 'C4351', 'C4352', 'C4359', 'C4360', 'C4361', 'C4362', 'C4370', 'C4371', 'C4372',
86       ! 'C438', 'C439', 'C600', 'C601', 'C602', 'C608', 'C609', 'C6200', 'C6201', 'C6202', 'C6210', 'C6211', 'C6212', 'C6290',
86       ! 'C6291', 'C6292', 'C6300', 'C6301', 'C6302', 'C6310', 'C6311', 'C6312', 'C632', 'C637', 'C638', 'C639', 'C73', 'C750',
86       ! 'C754', 'C755', 'C758', 'C759', 'C801', 'D030', 'D0310', 'D0311', 'D0312', 'D0320', 'D0321', 'D0322', 'D0330', 'D0339',
86       ! 'D034', 'D0351', 'D0352', 'D0359', 'D0360', 'D0361', 'D0362', 'D0370', 'D0371', 'D0372', 'D038', 'D039', 'E340', 'Q8500',
86       !  'Q8501', 'Q8502', 'Q8503', 'Q8509'))
87                 then hcc=13;
88         
89             *20     "Diabetes w/ Comp.";
90             if (dx1 in: ('24940', '24941', '24950', '24951', '24960', '24961', '24970', '24971', '24980', '24981', '24990',
90       ! '24991', '25040', '25041', '25042', '25043', '25050', '25051', '25052', '25053', '25060', '25061', '25062', '25063',
90       ! '25070', '25071', '25072', '25073', '25080', '25081', '25082', '25083', '25090', '25091', '25092', '25093', '3572',
90       ! '36201', '36202', '36203', '36204', '36205', '36206', '36207', '36641', 'E0821', 'E0822', 'E0829', 'E08311', 'E08319',
90       ! 'E08321', 'E08329', 'E08331', 'E08339', 'E08341', 'E08349', 'E08351', 'E08359', 'E0836', 'E0839', 'E0840', 'E0841',
90       ! 'E0842', 'E0843', 'E0844', 'E0849', 'E0851', 'E0852', 'E0859', 'E08610', 'E08618', 'E08620', 'E08621', 'E08622',
90       ! 'E08628', 'E08630', 'E08638', 'E08649', 'E0865', 'E0869', 'E088', 'E0921', 'E0922', 'E0929', 'E09311', 'E09319',
90       ! 'E09321', 'E09329', 'E09331', 'E09339', 'E09341', 'E09349', 'E09351', 'E09359', 'E0936', 'E0939', 'E0940', 'E0941',
90       ! 'E0942', 'E0943', 'E0944', 'E0949', 'E0951', 'E0952', 'E0959', 'E09610', 'E09618', 'E09620', 'E09621', 'E09622',
90       ! 'E09628', 'E09630', 'E09638', 'E09649', 'E0965', 'E0969', 'E098', 'E1021', 'E1022', 'E1029', 'E10311', 'E10319',
90       ! 'E10321', 'E10329', 'E10331', 'E10339', 'E10341', 'E10349', 'E10351', 'E10359', 'E1036', 'E1039', 'E1040', 'E1041',
90       ! 'E1042', 'E1043', 'E1044', 'E1049', 'E1051', 'E1052', 'E1059', 'E10610', 'E10618', 'E10620', 'E10621', 'E10622',
90       ! 'E10628', 'E10630', 'E10638', 'E10649', 'E1065', 'E1069', 'E108', 'E1121', 'E1122', 'E1129', 'E11311', 'E11319',
90       ! 'E11321', 'E11329', 'E11331', 'E11339', 'E11341', 'E11349', 'E11351', 'E11359', 'E1136', 'E1139', 'E1140', 'E1141',
90       ! 'E1142', 'E1143', 'E1144', 'E1149', 'E1151', 'E1152', 'E1159', 'E11610', 'E11618', 'E11620', 'E11621', 'E11622',
90       ! 'E11628', 'E11630', 'E11638', 'E11649', 'E1165', 'E1169', 'E118', 'E1321', 'E1322', 'E1329', 'E13311', 'E13319',
90       ! 'E13321', 'E13329', 'E13331', 'E13339', 'E13341', 'E13349', 'E13351', 'E13359', 'E1336', 'E1339', 'E1340', 'E1341',
90       ! 'E1342', 'E1343', 'E1344', 'E1349', 'E1351', 'E1352', 'E1359', 'E13610', 'E13618', 'E13620', 'E13621', 'E13622',
90       ! 'E13628', 'E13630', 'E13638', 'E13649', 'E1365', 'E1369', 'E138') or
91                 dx2 in: ('24940', '24941', '24950', '24951', '24960', '24961', '24970', '24971', '24980', '24981', '24990',
91       ! '24991', '25040', '25041', '25042', '25043', '25050', '25051', '25052', '25053', '25060', '25061', '25062', '25063',
91       ! '25070', '25071', '25072', '25073', '25080', '25081', '25082', '25083', '25090', '25091', '25092', '25093', '3572',
91       ! '36201', '36202', '36203', '36204', '36205', '36206', '36207', '36641', 'E0821', 'E0822', 'E0829', 'E08311', 'E08319',
91       ! 'E08321', 'E08329', 'E08331', 'E08339', 'E08341', 'E08349', 'E08351', 'E08359', 'E0836', 'E0839', 'E0840', 'E0841',
91       ! 'E0842', 'E0843', 'E0844', 'E0849', 'E0851', 'E0852', 'E0859', 'E08610', 'E08618', 'E08620', 'E08621', 'E08622',
91       ! 'E08628', 'E08630', 'E08638', 'E08649', 'E0865', 'E0869', 'E088', 'E0921', 'E0922', 'E0929', 'E09311', 'E09319',
91       ! 'E09321', 'E09329', 'E09331', 'E09339', 'E09341', 'E09349', 'E09351', 'E09359', 'E0936', 'E0939', 'E0940', 'E0941',
91       ! 'E0942', 'E0943', 'E0944', 'E0949', 'E0951', 'E0952', 'E0959', 'E09610', 'E09618', 'E09620', 'E09621', 'E09622',
5                                                          The SAS System                            14:06 Wednesday, April 14, 2021

91       ! 'E09628', 'E09630', 'E09638', 'E09649', 'E0965', 'E0969', 'E098', 'E1021', 'E1022', 'E1029', 'E10311', 'E10319',
91       ! 'E10321', 'E10329', 'E10331', 'E10339', 'E10341', 'E10349', 'E10351', 'E10359', 'E1036', 'E1039', 'E1040', 'E1041',
91       ! 'E1042', 'E1043', 'E1044', 'E1049', 'E1051', 'E1052', 'E1059', 'E10610', 'E10618', 'E10620', 'E10621', 'E10622',
91       ! 'E10628', 'E10630', 'E10638', 'E10649', 'E1065', 'E1069', 'E108', 'E1121', 'E1122', 'E1129', 'E11311', 'E11319',
91       ! 'E11321', 'E11329', 'E11331', 'E11339', 'E11341', 'E11349', 'E11351', 'E11359', 'E1136', 'E1139', 'E1140', 'E1141',
91       ! 'E1142', 'E1143', 'E1144', 'E1149', 'E1151', 'E1152', 'E1159', 'E11610', 'E11618', 'E11620', 'E11621', 'E11622',
91       ! 'E11628', 'E11630', 'E11638', 'E11649', 'E1165', 'E1169', 'E118', 'E1321', 'E1322', 'E1329', 'E13311', 'E13319',
91       ! 'E13321', 'E13329', 'E13331', 'E13339', 'E13341', 'E13349', 'E13351', 'E13359', 'E1336', 'E1339', 'E1340', 'E1341',
91       ! 'E1342', 'E1343', 'E1344', 'E1349', 'E1351', 'E1352', 'E1359', 'E13610', 'E13618', 'E13620', 'E13621', 'E13622',
91       ! 'E13628', 'E13630', 'E13638', 'E13649', 'E1365', 'E1369', 'E138'))
92                 then hcc=20;
93         
94             *21     "Diabetes w/o Comp.";
95             if (dx1 in: ('24900', '24901', '25000', '25001', '25002', '25003', 'V5867', 'E089', 'E099', 'E109', 'E119', 'E139',
95       ! 'Z794') or
96                 dx2 in: ('24900', '24901', '25000', '25001', '25002', '25003', 'V5867', 'E089', 'E099', 'E109', 'E119', 'E139',
96       ! 'Z794'))
97                 then hcc=21;
98         
99             *30     "Adrenal/Pituitary Dis.";	
100            if (dx1 in: ('0363', '2510', '25200', '25201', '25202', '25208', '2521', '2528', '2529', '2530', '2531', '2532',
100      ! '2533', '2534', '2535', '2536', '2537', '2538', '2539', '2540', '2541', '2548', '2549', '2550', '25510', '25511',
100      ! '25512', '25513', '25514', '2552', '2553', '25541', '25542', '2555', '2556', '2558', '2559', '25801', '25802', '25803',
100      ! '2581', '2588', '2589', '5881', '58881', 'A391', 'E035', 'E15', 'E200', 'E208', 'E209', 'E210', 'E211', 'E212', 'E213',
100      ! 'E214', 'E215', 'E220', 'E221', 'E222', 'E228', 'E229', 'E230', 'E231', 'E232', 'E233', 'E236', 'E237', 'E240', 'E241',
100      ! 'E242', 'E243', 'E244', 'E248', 'E249', 'E250', 'E258', 'E259', 'E2601', 'E2602', 'E2609', 'E261', 'E2681', 'E2689',
100      ! 'E269', 'E270', 'E271', 'E272', 'E273', 'E2740', 'E2749', 'E275', 'E278', 'E279', 'E310', 'E311', 'E3120', 'E3121',
100      ! 'E3122', 'E3123', 'E318', 'E319', 'E320', 'E321', 'E328', 'E329', 'E344', 'E892', 'E893', 'E896', 'N251', 'N2581') or
101                dx2 in: ('0363', '2510', '25200', '25201', '25202', '25208', '2521', '2528', '2529', '2530', '2531', '2532',
101      ! '2533', '2534', '2535', '2536', '2537', '2538', '2539', '2540', '2541', '2548', '2549', '2550', '25510', '25511',
101      ! '25512', '25513', '25514', '2552', '2553', '25541', '25542', '2555', '2556', '2558', '2559', '25801', '25802', '25803',
101      ! '2581', '2588', '2589', '5881', '58881', 'A391', 'E035', 'E15', 'E200', 'E208', 'E209', 'E210', 'E211', 'E212', 'E213',
101      ! 'E214', 'E215', 'E220', 'E221', 'E222', 'E228', 'E229', 'E230', 'E231', 'E232', 'E233', 'E236', 'E237', 'E240', 'E241',
101      ! 'E242', 'E243', 'E244', 'E248', 'E249', 'E250', 'E258', 'E259', 'E2601', 'E2602', 'E2609', 'E261', 'E2681', 'E2689',
101      ! 'E269', 'E270', 'E271', 'E272', 'E273', 'E2740', 'E2749', 'E275', 'E278', 'E279', 'E310', 'E311', 'E3120', 'E3121',
101      ! 'E3122', 'E3123', 'E318', 'E319', 'E320', 'E321', 'E328', 'E329', 'E344', 'E892', 'E893', 'E896', 'N251', 'N2581'))
102                then hcc=30;
103        
104            *37     "Chronic Hepatitis";
105            if (dx1 in: ('07022', '07023', '07032', '07033', '07044', '07054', '57140', '57141', '57142', '57149', 'B180',
105      ! 'B181', 'B182', 'B188', 'B189', 'K730', 'K731', 'K732', 'K738', 'K739', 'K754') or
106                dx2 in: ('07022', '07023', '07032', '07033', '07044', '07054', '57140', '57141', '57142', '57149', 'B180',
106      ! 'B181', 'B182', 'B188', 'B189', 'K730', 'K731', 'K732', 'K738', 'K739', 'K754'))
107                then hcc=37;
108        
109            *48     "Inflammatory Bowel Disease";
110            if (dx1 in: ('5550', '5551', '5552', '5559', '5560', '5561', '5562', '5563', '5564', '5565', '5566', '5568', '5569',
110      ! 'K5000', 'K50011', 'K50013', 'K50014', 'K50018', 'K50019', 'K5010', 'K50111', 'K50113', 'K50114', 'K50118', 'K50119',
110      ! 'K5080', 'K50811', 'K50813', 'K50814', 'K50818', 'K50819', 'K5090', 'K50911', 'K50913', 'K50914', 'K50918', 'K50919',
110      ! 'K5100', 'K51011', 'K51013', 'K51014', 'K51018', 'K51019', 'K5120', 'K51211', 'K51213', 'K51214', 'K51218', 'K51219',
110      ! 'K5130', 'K51311', 'K51313', 'K51314', 'K51318', 'K51319', 'K5140', 'K51411', 'K51413', 'K51414', 'K51418', 'K51419',
110      ! 'K5150', 'K51511', 'K51513', 'K51514', 'K51518', 'K51519', 'K5180', 'K51811', 'K51813', 'K51814', 'K51818', 'K51819',
110      ! 'K5190', 'K51911', 'K51913', 'K51914', 'K51918', 'K51919', 'K50012', 'K50112', 'K50812', 'K50912', 'K51012', 'K51212',
110      ! 'K51312', 'K51412', 'K51512', 'K51812', 'K51912') or
111                dx2 in: ('5550', '5551', '5552', '5559', '5560', '5561', '5562', '5563', '5564', '5565', '5566', '5568', '5569',
111      ! 'K5000', 'K50011', 'K50013', 'K50014', 'K50018', 'K50019', 'K5010', 'K50111', 'K50113', 'K50114', 'K50118', 'K50119',
111      ! 'K5080', 'K50811', 'K50813', 'K50814', 'K50818', 'K50819', 'K5090', 'K50911', 'K50913', 'K50914', 'K50918', 'K50919',
111      ! 'K5100', 'K51011', 'K51013', 'K51014', 'K51018', 'K51019', 'K5120', 'K51211', 'K51213', 'K51214', 'K51218', 'K51219',
6                                                          The SAS System                            14:06 Wednesday, April 14, 2021

111      ! 'K5130', 'K51311', 'K51313', 'K51314', 'K51318', 'K51319', 'K5140', 'K51411', 'K51413', 'K51414', 'K51418', 'K51419',
111      ! 'K5150', 'K51511', 'K51513', 'K51514', 'K51518', 'K51519', 'K5180', 'K51811', 'K51813', 'K51814', 'K51818', 'K51819',
111      ! 'K5190', 'K51911', 'K51913', 'K51914', 'K51918', 'K51919', 'K50012', 'K50112', 'K50812', 'K50912', 'K51012', 'K51212',
111      ! 'K51312', 'K51412', 'K51512', 'K51812', 'K51912'))
112                then hcc=48;
113        
114            *56     "Rheumatoid Arthritis";
115            if (dx1 in: ('1361', '4460', '4461', '44620', '44621', '44629', '4463', '4464', '4466', '4467', '6960', '7101',
115      ! '7103', '7104', '71120', '71121', '71122', '71123', '71124', '71125', '71126', '71127', '71128', '71129', '7140', '7141',
115      !  '7142', '71430', '71431', '71432', '71433', '71481', '7200', 'L4050', 'L4051', 'L4052', 'L4053', 'L4054', 'L4059',
115      ! 'M0500', 'M05011', 'M05012', 'M05019', 'M05021', 'M05022', 'M05029', 'M05031', 'M05032', 'M05039', 'M05041', 'M05042',
115      ! 'M05049', 'M05051', 'M05052', 'M05059', 'M05061', 'M05062', 'M05069', 'M05071', 'M05072', 'M05079', 'M0509', 'M0510',
115      ! 'M05111', 'M05112', 'M05119', 'M05121', 'M05122', 'M05129', 'M05131', 'M05132', 'M05139', 'M05141', 'M05142', 'M05149',
115      ! 'M05151', 'M05152', 'M05159', 'M05161', 'M05162', 'M05169', 'M05171', 'M05172', 'M05179', 'M0519', 'M0520', 'M05211',
115      ! 'M05212', 'M05219', 'M05221', 'M05222', 'M05229', 'M05231', 'M05232', 'M05239', 'M05241', 'M05242', 'M05249', 'M05251',
115      ! 'M05252', 'M05259', 'M05261', 'M05262', 'M05269', 'M05271', 'M05272', 'M05279', 'M0529', 'M0530', 'M05311', 'M05312',
115      ! 'M05319', 'M05321', 'M05322', 'M05329', 'M05331', 'M05332', 'M05339', 'M05341', 'M05342', 'M05349', 'M05351', 'M05352',
115      ! 'M05359', 'M05361', 'M05362', 'M05369', 'M05371', 'M05372', 'M05379', 'M0539', 'M0540', 'M05411', 'M05412', 'M05419',
115      ! 'M05421', 'M05422', 'M05429', 'M05431', 'M05432', 'M05439', 'M05441', 'M05442', 'M05449', 'M05451', 'M05452', 'M05459',
115      ! 'M05461', 'M05462', 'M05469', 'M05471', 'M05472', 'M05479', 'M0549', 'M0550', 'M05511', 'M05512', 'M05519', 'M05521',
115      ! 'M05522', 'M05529', 'M05531', 'M05532', 'M05539', 'M05541', 'M05542', 'M05549', 'M05551', 'M05552', 'M05559', 'M05561',
115      ! 'M05562', 'M05569', 'M05571', 'M05572', 'M05579', 'M0559', 'M0560', 'M05611', 'M05612', 'M05619', 'M05621', 'M05622',
115      ! 'M05629', 'M05631', 'M05632', 'M05639', 'M05641', 'M05642', 'M05649', 'M05651', 'M05652', 'M05659', 'M05661', 'M05662',
115      ! 'M05669', 'M05671', 'M05672', 'M05679', 'M0569', 'M0570', 'M05711', 'M05712', 'M05719', 'M05721', 'M05722', 'M05729',
115      ! 'M05731', 'M05732', 'M05739', 'M05741', 'M05742', 'M05749', 'M05751', 'M05752', 'M05759', 'M05761', 'M05762', 'M05769',
115      ! 'M05771', 'M05772', 'M05779', 'M0579', 'M0580', 'M05811', 'M05812', 'M05819', 'M05821', 'M05822', 'M05829', 'M05831',
115      ! 'M05832', 'M05839', 'M05841', 'M05842', 'M05849', 'M05851', 'M05852', 'M05859', 'M05861', 'M05862', 'M05869', 'M05871',
115      ! 'M05872', 'M05879', 'M0589', 'M059', 'M0600', 'M06011', 'M06012', 'M06019', 'M06021', 'M06022', 'M06029', 'M06031',
115      ! 'M06032', 'M06039', 'M06041', 'M06042', 'M06049', 'M06051', 'M06052', 'M06059', 'M06061', 'M06062', 'M06069', 'M06071',
115      ! 'M06072', 'M06079', 'M0608', 'M0609', 'M061', 'M0620', 'M06211', 'M06212', 'M06219', 'M06221', 'M06222', 'M06229',
115      ! 'M06231', 'M06232', 'M06239', 'M06241', 'M06242', 'M06249', 'M06251', 'M06252', 'M06259', 'M06261', 'M06262', 'M06269',
115      ! 'M06271', 'M06272', 'M06279', 'M0628', 'M0629', 'M0630', 'M06311', 'M06312', 'M06319', 'M06321', 'M06322', 'M06329',
115      ! 'M06331', 'M06332', 'M06339', 'M06341', 'M06342', 'M06349', 'M06351', 'M06352', 'M06359', 'M06361', 'M06362', 'M06369',
115      ! 'M06371', 'M06372', 'M06379', 'M0638', 'M0639', 'M0680', 'M06811', 'M06812', 'M06819', 'M06821', 'M06822', 'M06829',
115      ! 'M06831', 'M06832', 'M06839', 'M06841', 'M06842', 'M06849', 'M06851', 'M06852', 'M06859', 'M06861', 'M06862', 'M06869',
115      ! 'M06871', 'M06872', 'M06879', 'M0688', 'M0689', 'M069', 'M0800', 'M08011', 'M08012', 'M08019', 'M08021', 'M08022',
115      ! 'M08029', 'M08031', 'M08032', 'M08039', 'M08041', 'M08042', 'M08049', 'M08051', 'M08052', 'M08059', 'M08061', 'M08062',
115      ! 'M08069', 'M08071', 'M08072', 'M08079', 'M0808', 'M0809', 'M081', 'M0820', 'M08211', 'M08212', 'M08219', 'M08221',
115      ! 'M08222', 'M08229', 'M08231', 'M08232', 'M08239', 'M08241', 'M08242', 'M08249', 'M08251', 'M08252', 'M08259', 'M08261',
115      ! 'M08262', 'M08269', 'M08271', 'M08272', 'M08279', 'M0828', 'M0829', 'M083', 'M0840', 'M08411', 'M08412', 'M08419',
115      ! 'M08421', 'M08422', 'M08429', 'M08431', 'M08432', 'M08439', 'M08441', 'M08442', 'M08449', 'M08451', 'M08452', 'M08459',
115      ! 'M08461', 'M08462', 'M08469', 'M08471', 'M08472', 'M08479', 'M0848', 'M0880', 'M08811', 'M08812', 'M08819', 'M08821',
115      ! 'M08822', 'M08829', 'M08831', 'M08832', 'M08839', 'M08841', 'M08842', 'M08849', 'M08851', 'M08852', 'M08859', 'M08861',
115      ! 'M08862', 'M08869', 'M08871', 'M08872', 'M08879', 'M0888', 'M0889', 'M0890', 'M08911', 'M08912', 'M08919', 'M08921',
115      ! 'M08922', 'M08929', 'M08931', 'M08932', 'M08939', 'M08941', 'M08942', 'M08949', 'M08951', 'M08952', 'M08959', 'M08961',
115      ! 'M08962', 'M08969', 'M08971', 'M08972', 'M08979', 'M0898', 'M0899', 'M300', 'M301', 'M302', 'M303', 'M308', 'M310',
115      ! 'M311', 'M312', 'M3130', 'M3131', 'M314', 'M317', 'M3300', 'M3301', 'M3302', 'M3309', 'M3310', 'M3311', 'M3312', 'M3319',
115      !  'M3320', 'M3321', 'M3322', 'M3329', 'M3390', 'M3391', 'M3392', 'M3399', 'M340', 'M341', 'M342', 'M3481', 'M3482',
115      ! 'M3483', 'M3489', 'M349', 'M352', 'M360', 'M450', 'M451', 'M452', 'M453', 'M454', 'M455', 'M456', 'M457', 'M458', 'M459',
115      !  'M488X1', 'M488X2', 'M488X3', 'M488X4', 'M488X5', 'M488X6', 'M488X7', 'M488X8', 'M488X9') or
116                dx2 in: ('1361', '4460', '4461', '44620', '44621', '44629', '4463', '4464', '4466', '4467', '6960', '7101',
116      ! '7103', '7104', '71120', '71121', '71122', '71123', '71124', '71125', '71126', '71127', '71128', '71129', '7140', '7141',
116      !  '7142', '71430', '71431', '71432', '71433', '71481', '7200', 'L4050', 'L4051', 'L4052', 'L4053', 'L4054', 'L4059',
116      ! 'M0500', 'M05011', 'M05012', 'M05019', 'M05021', 'M05022', 'M05029', 'M05031', 'M05032', 'M05039', 'M05041', 'M05042',
116      ! 'M05049', 'M05051', 'M05052', 'M05059', 'M05061', 'M05062', 'M05069', 'M05071', 'M05072', 'M05079', 'M0509', 'M0510',
116      ! 'M05111', 'M05112', 'M05119', 'M05121', 'M05122', 'M05129', 'M05131', 'M05132', 'M05139', 'M05141', 'M05142', 'M05149',
116      ! 'M05151', 'M05152', 'M05159', 'M05161', 'M05162', 'M05169', 'M05171', 'M05172', 'M05179', 'M0519', 'M0520', 'M05211',
116      ! 'M05212', 'M05219', 'M05221', 'M05222', 'M05229', 'M05231', 'M05232', 'M05239', 'M05241', 'M05242', 'M05249', 'M05251',
7                                                          The SAS System                            14:06 Wednesday, April 14, 2021

116      ! 'M05252', 'M05259', 'M05261', 'M05262', 'M05269', 'M05271', 'M05272', 'M05279', 'M0529', 'M0530', 'M05311', 'M05312',
116      ! 'M05319', 'M05321', 'M05322', 'M05329', 'M05331', 'M05332', 'M05339', 'M05341', 'M05342', 'M05349', 'M05351', 'M05352',
116      ! 'M05359', 'M05361', 'M05362', 'M05369', 'M05371', 'M05372', 'M05379', 'M0539', 'M0540', 'M05411', 'M05412', 'M05419',
116      ! 'M05421', 'M05422', 'M05429', 'M05431', 'M05432', 'M05439', 'M05441', 'M05442', 'M05449', 'M05451', 'M05452', 'M05459',
116      ! 'M05461', 'M05462', 'M05469', 'M05471', 'M05472', 'M05479', 'M0549', 'M0550', 'M05511', 'M05512', 'M05519', 'M05521',
116      ! 'M05522', 'M05529', 'M05531', 'M05532', 'M05539', 'M05541', 'M05542', 'M05549', 'M05551', 'M05552', 'M05559', 'M05561',
116      ! 'M05562', 'M05569', 'M05571', 'M05572', 'M05579', 'M0559', 'M0560', 'M05611', 'M05612', 'M05619', 'M05621', 'M05622',
116      ! 'M05629', 'M05631', 'M05632', 'M05639', 'M05641', 'M05642', 'M05649', 'M05651', 'M05652', 'M05659', 'M05661', 'M05662',
116      ! 'M05669', 'M05671', 'M05672', 'M05679', 'M0569', 'M0570', 'M05711', 'M05712', 'M05719', 'M05721', 'M05722', 'M05729',
116      ! 'M05731', 'M05732', 'M05739', 'M05741', 'M05742', 'M05749', 'M05751', 'M05752', 'M05759', 'M05761', 'M05762', 'M05769',
116      ! 'M05771', 'M05772', 'M05779', 'M0579', 'M0580', 'M05811', 'M05812', 'M05819', 'M05821', 'M05822', 'M05829', 'M05831',
116      ! 'M05832', 'M05839', 'M05841', 'M05842', 'M05849', 'M05851', 'M05852', 'M05859', 'M05861', 'M05862', 'M05869', 'M05871',
116      ! 'M05872', 'M05879', 'M0589', 'M059', 'M0600', 'M06011', 'M06012', 'M06019', 'M06021', 'M06022', 'M06029', 'M06031',
116      ! 'M06032', 'M06039', 'M06041', 'M06042', 'M06049', 'M06051', 'M06052', 'M06059', 'M06061', 'M06062', 'M06069', 'M06071',
116      ! 'M06072', 'M06079', 'M0608', 'M0609', 'M061', 'M0620', 'M06211', 'M06212', 'M06219', 'M06221', 'M06222', 'M06229',
116      ! 'M06231', 'M06232', 'M06239', 'M06241', 'M06242', 'M06249', 'M06251', 'M06252', 'M06259', 'M06261', 'M06262', 'M06269',
116      ! 'M06271', 'M06272', 'M06279', 'M0628', 'M0629', 'M0630', 'M06311', 'M06312', 'M06319', 'M06321', 'M06322', 'M06329',
116      ! 'M06331', 'M06332', 'M06339', 'M06341', 'M06342', 'M06349', 'M06351', 'M06352', 'M06359', 'M06361', 'M06362', 'M06369',
116      ! 'M06371', 'M06372', 'M06379', 'M0638', 'M0639', 'M0680', 'M06811', 'M06812', 'M06819', 'M06821', 'M06822', 'M06829',
116      ! 'M06831', 'M06832', 'M06839', 'M06841', 'M06842', 'M06849', 'M06851', 'M06852', 'M06859', 'M06861', 'M06862', 'M06869',
116      ! 'M06871', 'M06872', 'M06879', 'M0688', 'M0689', 'M069', 'M0800', 'M08011', 'M08012', 'M08019', 'M08021', 'M08022',
116      ! 'M08029', 'M08031', 'M08032', 'M08039', 'M08041', 'M08042', 'M08049', 'M08051', 'M08052', 'M08059', 'M08061', 'M08062',
116      ! 'M08069', 'M08071', 'M08072', 'M08079', 'M0808', 'M0809', 'M081', 'M0820', 'M08211', 'M08212', 'M08219', 'M08221',
116      ! 'M08222', 'M08229', 'M08231', 'M08232', 'M08239', 'M08241', 'M08242', 'M08249', 'M08251', 'M08252', 'M08259', 'M08261',
116      ! 'M08262', 'M08269', 'M08271', 'M08272', 'M08279', 'M0828', 'M0829', 'M083', 'M0840', 'M08411', 'M08412', 'M08419',
116      ! 'M08421', 'M08422', 'M08429', 'M08431', 'M08432', 'M08439', 'M08441', 'M08442', 'M08449', 'M08451', 'M08452', 'M08459',
116      ! 'M08461', 'M08462', 'M08469', 'M08471', 'M08472', 'M08479', 'M0848', 'M0880', 'M08811', 'M08812', 'M08819', 'M08821',
116      ! 'M08822', 'M08829', 'M08831', 'M08832', 'M08839', 'M08841', 'M08842', 'M08849', 'M08851', 'M08852', 'M08859', 'M08861',
116      ! 'M08862', 'M08869', 'M08871', 'M08872', 'M08879', 'M0888', 'M0889', 'M0890', 'M08911', 'M08912', 'M08919', 'M08921',
116      ! 'M08922', 'M08929', 'M08931', 'M08932', 'M08939', 'M08941', 'M08942', 'M08949', 'M08951', 'M08952', 'M08959', 'M08961',
116      ! 'M08962', 'M08969', 'M08971', 'M08972', 'M08979', 'M0898', 'M0899', 'M300', 'M301', 'M302', 'M303', 'M308', 'M310',
116      ! 'M311', 'M312', 'M3130', 'M3131', 'M314', 'M317', 'M3300', 'M3301', 'M3302', 'M3309', 'M3310', 'M3311', 'M3312', 'M3319',
116      !  'M3320', 'M3321', 'M3322', 'M3329', 'M3390', 'M3391', 'M3392', 'M3399', 'M340', 'M341', 'M342', 'M3481', 'M3482',
116      ! 'M3483', 'M3489', 'M349', 'M352', 'M360', 'M450', 'M451', 'M452', 'M453', 'M454', 'M455', 'M456', 'M457', 'M458', 'M459',
116      !  'M488X1', 'M488X2', 'M488X3', 'M488X4', 'M488X5', 'M488X6', 'M488X7', 'M488X8', 'M488X9'))
117                then hcc=56;
118        
119            *57     "Lupus";
120            if (dx1 in: ('0993', '4465', '7100', '7102', '7105', '7108', '7109', '71110', '71111', '71112', '71113', '71114',
120      ! '71115', '71116', '71117', '71118', '71119', '7144', '71489', '7149', '725', 'M0230', 'M02311', 'M02312', 'M02319',
120      ! 'M02321', 'M02322', 'M02329', 'M02331', 'M02332', 'M02339', 'M02341', 'M02342', 'M02349', 'M02351', 'M02352', 'M02359',
120      ! 'M02361', 'M02362', 'M02369', 'M02371', 'M02372', 'M02379', 'M0238', 'M0239', 'M064', 'M1200', 'M12011', 'M12012',
120      ! 'M12019', 'M12021', 'M12022', 'M12029', 'M12031', 'M12032', 'M12039', 'M12041', 'M12042', 'M12049', 'M12051', 'M12052',
120      ! 'M12059', 'M12061', 'M12062', 'M12069', 'M12071', 'M12072', 'M12079', 'M1208', 'M1209', 'M315', 'M316', 'M320', 'M3210',
120      ! 'M3211', 'M3212', 'M3213', 'M3214', 'M3215', 'M3219', 'M328', 'M329', 'M3500', 'M3501', 'M3502', 'M3503', 'M3504',
120      ! 'M3509', 'M351', 'M353', 'M355', 'M358', 'M359', 'M368') or
121                dx2 in: ('0993', '4465', '7100', '7102', '7105', '7108', '7109', '71110', '71111', '71112', '71113', '71114',
121      ! '71115', '71116', '71117', '71118', '71119', '7144', '71489', '7149', '725', 'M0230', 'M02311', 'M02312', 'M02319',
121      ! 'M02321', 'M02322', 'M02329', 'M02331', 'M02332', 'M02339', 'M02341', 'M02342', 'M02349', 'M02351', 'M02352', 'M02359',
121      ! 'M02361', 'M02362', 'M02369', 'M02371', 'M02372', 'M02379', 'M0238', 'M0239', 'M064', 'M1200', 'M12011', 'M12012',
121      ! 'M12019', 'M12021', 'M12022', 'M12029', 'M12031', 'M12032', 'M12039', 'M12041', 'M12042', 'M12049', 'M12051', 'M12052',
121      ! 'M12059', 'M12061', 'M12062', 'M12069', 'M12071', 'M12072', 'M12079', 'M1208', 'M1209', 'M315', 'M316', 'M320', 'M3210',
121      ! 'M3211', 'M3212', 'M3213', 'M3214', 'M3215', 'M3219', 'M328', 'M329', 'M3500', 'M3501', 'M3502', 'M3503', 'M3504',
121      ! 'M3509', 'M351', 'M353', 'M355', 'M358', 'M359', 'M368'))
122                then hcc=57;
123        
124            *88     "MDD and Bipolar";
125            if (dx1 in: ('F3010', 'F3011', 'F3012', 'F3013', 'F302', 'F303', 'F304', 'F308', 'F309', 'F310', 'F3110', 'F3111',
8                                                          The SAS System                            14:06 Wednesday, April 14, 2021

125      ! 'F3112', 'F3113', 'F312', 'F3130', 'F3131', 'F3132', 'F314', 'F315', 'F3160', 'F3161', 'F3162', 'F3163', 'F3164',
125      ! 'F3170', 'F3171', 'F3172', 'F3173', 'F3174', 'F3175', 'F3176', 'F3177', 'F3178', 'F3181', 'F3189', 'F319', 'F322',
125      ! 'F323', 'F332', 'F333', 'T1491', 'T360X2A', 'T360X2S', 'T361X2A', 'T361X2S', 'T362X2A', 'T362X2S', 'T363X2A', 'T363X2S',
125      ! 'T364X2A', 'T364X2S', 'T365X2A', 'T365X2S', 'T366X2A', 'T366X2S', 'T367X2A', 'T367X2S', 'T368X2A', 'T368X2S', 'T3692XA',
125      ! 'T3692XS', 'T370X2A', 'T370X2S', 'T371X2A', 'T371X2S', 'T372X2A', 'T372X2S', 'T373X2A', 'T373X2S', 'T374X2A', 'T374X2S',
125      ! 'T375X2A', 'T375X2S', 'T378X2A', 'T378X2S', 'T3792XA', 'T3792XS', 'T380X2A', 'T380X2S', 'T381X2A', 'T381X2S', 'T382X2A',
125      ! 'T382X2S', 'T383X2A', 'T383X2S', 'T384X2A', 'T384X2S', 'T385X2A', 'T385X2S', 'T386X2A', 'T386X2S', 'T387X2A', 'T387X2S',
125      ! 'T38802A', 'T38802S', 'T38812A', 'T38812S', 'T38892A', 'T38892S', 'T38902A', 'T38902S', 'T38992A', 'T38992S', 'T39012A',
125      ! 'T39012S', 'T39092A', 'T39092S', 'T391X2A', 'T391X2S', 'T392X2A', 'T392X2S', 'T39312A', 'T39312S', 'T39392A', 'T39392S',
125      ! 'T394X2A', 'T394X2S', 'T398X2A', 'T398X2S', 'T3992XA', 'T3992XS', 'T400X2A', 'T400X2S', 'T401X2A', 'T401X2S', 'T402X2A',
125      ! 'T402X2S', 'T403X2A', 'T403X2S', 'T404X2A', 'T404X2S', 'T405X2A', 'T405X2S', 'T40602A', 'T40602S', 'T40692A', 'T40692S',
125      ! 'T407X2A', 'T407X2S', 'T408X2A', 'T408X2S', 'T40902A', 'T40902S', 'T40992A', 'T40992S', 'T410X2A', 'T410X2S', 'T411X2A',
125      ! 'T411X2S', 'T41202A', 'T41202S', 'T41292A', 'T41292S', 'T413X2A', 'T413X2S', 'T4142XA', 'T4142XS', 'T415X2A', 'T415X2S',
125      ! 'T420X2A', 'T420X2S', 'T421X2A', 'T421X2S', 'T422X2A', 'T422X2S', 'T423X2A', 'T423X2S', 'T424X2A', 'T424X2S', 'T425X2A',
125      ! 'T425X2S', 'T426X2A', 'T426X2S', 'T4272XA', 'T4272XS', 'T428X2A', 'T428X2S', 'T43012A', 'T43012S', 'T43022A', 'T43022S',
125      ! 'T431X2A', 'T431X2S', 'T43202A', 'T43202S', 'T43212A', 'T43212S', 'T43222A', 'T43222S', 'T43292A', 'T43292S', 'T433X2A',
125      ! 'T433X2S', 'T434X2A', 'T434X2S', 'T43502A', 'T43502S', 'T43592A', 'T43592S', 'T43602A', 'T43602S', 'T43612A', 'T43612S',
125      ! 'T43622A', 'T43622S', 'T43632A', 'T43632S', 'T43692A', 'T43692S', 'T438X2A', 'T438X2S', 'T4392XA', 'T4392XS', 'T440X2A',
125      ! 'T440X2S', 'T441X2A', 'T441X2S', 'T442X2A', 'T442X2S', 'T443X2A', 'T443X2S', 'T444X2A', 'T444X2S', 'T445X2A', 'T445X2S',
125      ! 'T446X2A', 'T446X2S', 'T447X2A', 'T447X2S', 'T448X2A', 'T448X2S', 'T44902A', 'T44902S', 'T44992A', 'T44992S', 'T450X2A',
125      ! 'T450X2S', 'T451X2A', 'T451X2S', 'T452X2A', 'T452X2S', 'T453X2A', 'T453X2S', 'T454X2A', 'T454X2S', 'T45512A', 'T45512S',
125      ! 'T45522A', 'T45522S', 'T45602A', 'T45602S', 'T45612A', 'T45612S', 'T45622A', 'T45622S', 'T45692A', 'T45692S', 'T457X2A',
125      ! 'T457X2S', 'T458X2A', 'T458X2S', 'T4592XA', 'T4592XS', 'T460X2A', 'T460X2S', 'T461X2A', 'T461X2S', 'T462X2A', 'T462X2S',
125      ! 'T463X2A', 'T463X2S', 'T464X2A', 'T464X2S', 'T465X2A', 'T465X2S', 'T466X2A', 'T466X2S', 'T467X2A', 'T467X2S', 'T468X2A',
125      ! 'T468X2S', 'T46902A', 'T46902S', 'T46992A', 'T46992S', 'T470X2A', 'T470X2S', 'T471X2A', 'T471X2S', 'T472X2A', 'T472X2S',
125      ! 'T473X2A', 'T473X2S', 'T474X2A', 'T474X2S', 'T475X2A', 'T475X2S', 'T476X2A', 'T476X2S', 'T477X2A', 'T477X2S', 'T478X2A',
125      ! 'T478X2S', 'T4792XA', 'T4792XS', 'T480X2A', 'T480X2S', 'T481X2A', 'T481X2S', 'T48202A', 'T48202S', 'T48292A', 'T48292S',
125      ! 'T483X2A', 'T483X2S', 'T484X2A', 'T484X2S', 'T485X2A', 'T485X2S', 'T486X2A', 'T486X2S', 'T48902A', 'T48902S', 'T48992A',
125      ! 'T48992S', 'T490X2A', 'T490X2S', 'T491X2A', 'T491X2S', 'T492X2A', 'T492X2S', 'T493X2A', 'T493X2S', 'T494X2A', 'T494X2S',
125      ! 'T495X2A', 'T495X2S', 'T496X2A', 'T496X2S', 'T497X2A', 'T497X2S', 'T498X2A', 'T498X2S', 'T4992XA', 'T4992XS', 'T500X2A',
125      ! 'T500X2S', 'T501X2A', 'T501X2S', 'T502X2A', 'T502X2S', 'T503X2A', 'T503X2S', 'T504X2A', 'T504X2S', 'T505X2A', 'T505X2S',
125      ! 'T506X2A', 'T506X2S', 'T507X2A', 'T507X2S', 'T508X2A', 'T508X2S', 'T50902A', 'T50902S', 'T50992A', 'T50992S', 'T50A12A',
125      ! 'T50A12S', 'T50A22A', 'T50A22S', 'T50A92A', 'T50A92S', 'T50B12A', 'T50B12S', 'T50B92A', 'T50B92S', 'T50Z12A', 'T50Z12S',
125      ! 'T50Z92A', 'T50Z92S', 'T510X2A', 'T510X2S', 'T511X2A', 'T511X2S', 'T512X2A', 'T512X2S', 'T513X2A', 'T513X2S', 'T518X2A',
125      ! 'T518X2S', 'T5192XA', 'T5192XS', 'T520X2A', 'T520X2S', 'T521X2A', 'T521X2S', 'T522X2A', 'T522X2S', 'T523X2A', 'T523X2S',
125      ! 'T524X2A', 'T524X2S', 'T528X2A', 'T528X2S', 'T5292XA', 'T5292XS', 'T530X2A', 'T530X2S', 'T531X2A', 'T531X2S', 'T532X2A',
125      ! 'T532X2S', 'T533X2A', 'T533X2S', 'T534X2A', 'T534X2S', 'T535X2A', 'T535X2S', 'T536X2A', 'T536X2S', 'T537X2A', 'T537X2S',
125      ! 'T5392XA', 'T5392XS', 'T540X2A', 'T540X2S', 'T541X2A', 'T541X2S', 'T542X2A', 'T542X2S', 'T543X2A', 'T543X2S', 'T5492XA',
125      ! 'T5492XS', 'T550X2A', 'T550X2S', 'T551X2A', 'T551X2S', 'T560X2A', 'T560X2S', 'T561X2A', 'T561X2S', 'T562X2A', 'T562X2S',
125      ! 'T563X2A', 'T563X2S', 'T564X2A', 'T564X2S', 'T565X2A', 'T565X2S', 'T566X2A', 'T566X2S', 'T567X2A', 'T567X2S', 'T56812A',
125      ! 'T56812S', 'T56892A', 'T56892S', 'T5692XA', 'T5692XS', 'T570X2A', 'T570X2S', 'T571X2A', 'T571X2S', 'T572X2A', 'T572X2S',
125      ! 'T573X2A', 'T573X2S', 'T578X2A', 'T578X2S', 'T5792XA', 'T5792XS', 'T5802XA', 'T5802XS', 'T5812XA', 'T5812XS', 'T582X2A',
125      ! 'T582X2S', 'T588X2A', 'T588X2S', 'T5892XA', 'T5892XS', 'T590X2A', 'T590X2S', 'T591X2A', 'T591X2S', 'T592X2A', 'T592X2S',
125      ! 'T593X2A', 'T593X2S', 'T594X2A', 'T594X2S', 'T595X2A', 'T595X2S', 'T596X2A', 'T596X2S', 'T597X2A', 'T597X2S', 'T59812A',
125      ! 'T59812S', 'T59892A', 'T59892S', 'T5992XA', 'T5992XS', 'T600X2A', 'T600X2S', 'T601X2A', 'T601X2S', 'T602X2A', 'T602X2S',
125      ! 'T603X2A', 'T603X2S', 'T604X2A', 'T604X2S', 'T608X2A', 'T608X2S', 'T6092XA', 'T6092XS', 'T6102XA', 'T6102XS', 'T6112XA',
125      ! 'T6112XS', 'T61772A', 'T61772S', 'T61782A', 'T61782S', 'T618X2A', 'T618X2S', 'T6192XA', 'T6192XS', 'T620X2A', 'T620X2S',
125      ! 'T621X2A', 'T621X2S', 'T622X2A', 'T622X2S', 'T628X2A', 'T628X2S', 'T6292XA', 'T6292XS', 'T63002A', 'T63002S', 'T63012A',
125      ! 'T63012S', 'T63022A', 'T63022S', 'T63032A', 'T63032S', 'T63042A', 'T63042S', 'T63062A', 'T63062S', 'T63072A', 'T63072S',
125      ! 'T63082A', 'T63082S', 'T63092A', 'T63092S', 'T63112A', 'T63112S', 'T63122A', 'T63122S', 'T63192A', 'T63192S', 'T632X2A',
125      ! 'T632X2S', 'T63302A', 'T63302S', 'T63312A', 'T63312S', 'T63322A', 'T63322S', 'T63332A', 'T63332S', 'T63392A', 'T63392S',
125      ! 'T63412A', 'T63412S', 'T63422A', 'T63422S', 'T63432A', 'T63432S', 'T63442A', 'T63442S', 'T63452A', 'T63452S', 'T63462A',
125      ! 'T63462S', 'T63482A', 'T63482S', 'T63512A', 'T63512S', 'T63592A', 'T63592S', 'T63612A', 'T63612S', 'T63622A', 'T63622S',
125      ! 'T63632A', 'T63632S', 'T63692A', 'T63692S', 'T63712A', 'T63712S', 'T63792A', 'T63792S', 'T63812A', 'T63812S', 'T63822A',
125      ! 'T63822S', 'T63832A', 'T63832S', 'T63892A', 'T63892S', 'T6392XA', 'T6392XS', 'T6402XA', 'T6402XS', 'T6482XA', 'T6482XS',
125      ! 'T650X2A', 'T650X2S', 'T651X2A', 'T651X2S', 'T65212A', 'T65212S', 'T65222A', 'T65222S', 'T65292A', 'T65292S', 'T653X2A',
125      ! 'T653X2S', 'T654X2A', 'T654X2S', 'T655X2A', 'T655X2S', 'T656X2A', 'T656X2S', 'T65812A', 'T65812S', 'T65822A', 'T65822S',
125      ! 'T65832A', 'T65832S', 'T65892A', 'T65892S', 'T6592XA', 'T6592XS', 'T71112A', 'T71112S', 'T71122A', 'T71122S', 'T71132A',
9                                                          The SAS System                            14:06 Wednesday, April 14, 2021

125      ! 'T71132S', 'T71152A', 'T71152S', 'T71162A', 'T71162S', 'T71192A', 'T71192S', 'T71222A', 'T71222S', 'T71232A', 'T71232S',
125      ! 'X710XXA', 'X710XXD', 'X710XXS', 'X711XXA', 'X711XXD', 'X711XXS', 'X712XXA', 'X712XXD', 'X712XXS', 'X713XXA', 'X713XXD',
125      ! 'X713XXS', 'X718XXA', 'X718XXD', 'X718XXS', 'X719XXA', 'X719XXD', 'X719XXS', 'X72XXXA', 'X72XXXD', 'X72XXXS', 'X730XXA',
125      ! 'X730XXD', 'X730XXS', 'X731XXA', 'X731XXD', 'X731XXS', 'X732XXA', 'X732XXD', 'X732XXS', 'X738XXA', 'X738XXD', 'X738XXS',
125      ! 'X739XXA', 'X739XXD', 'X739XXS', 'X7401XA', 'X7401XD', 'X7401XS', 'X7402XA', 'X7402XD', 'X7402XS', 'X7409XA', 'X7409XD',
125      ! 'X7409XS', 'X748XXA', 'X748XXD', 'X748XXS', 'X749XXA', 'X749XXD', 'X749XXS', 'X75XXXA', 'X75XXXD', 'X75XXXS', 'X76XXXA',
125      ! 'X76XXXD', 'X76XXXS', 'X770XXA', 'X770XXD', 'X770XXS', 'X771XXA', 'X771XXD', 'X771XXS', 'X772XXA', 'X772XXD', 'X772XXS',
125      ! 'X773XXA', 'X773XXD', 'X773XXS', 'X778XXA', 'X778XXD', 'X778XXS', 'X779XXA', 'X779XXD', 'X779XXS', 'X780XXA', 'X780XXD',
125      ! 'X780XXS', 'X781XXA', 'X781XXD', 'X781XXS', 'X782XXA', 'X782XXD', 'X782XXS', 'X788XXA', 'X788XXD', 'X788XXS', 'X789XXA',
125      ! 'X789XXD', 'X789XXS', 'X79XXXA', 'X79XXXD', 'X79XXXS', 'X80XXXA', 'X80XXXD', 'X80XXXS', 'X810XXA', 'X810XXD', 'X810XXS',
125      ! 'X811XXA', 'X811XXD', 'X811XXS', 'X818XXA', 'X818XXD', 'X818XXS', 'X820XXA', 'X820XXD', 'X820XXS', 'X821XXA', 'X821XXD',
125      ! 'X821XXS', 'X822XXA', 'X822XXD', 'X822XXS', 'X828XXA', 'X828XXD', 'X828XXS', 'X830XXA', 'X830XXD', 'X830XXS', 'X831XXA',
125      ! 'X831XXD', 'X831XXS', 'X832XXA', 'X832XXD', 'X832XXS', 'X838XXA', 'X838XXD', 'X838XXS', '29600', '29601', '29602',
125      ! '29603', '29604', '29605', '29606', '29610', '29611', '29612', '29613', '29614', '29615', '29616', '29620', '29621',
125      ! '29622', '29623', '29624', '29625', '29626', '29630', '29631', '29632', '29633', '29634', '29635', '29636', '29640',
125      ! '29641', '29642', '29643', '29644', '29645', '29646', '29650', '29651', '29652', '29653', '29654', '29655', '29656',
125      ! '29660', '29661', '29662', '29663', '29664', '29665', '29666', '2967', '29680', '29681', '29682', '29689', '29690',
125      ! '29699', 'E9500', 'E9501', 'E9502', 'E9503', 'E9504', 'E9505', 'E9506', 'E9507', 'E9508', 'E9509', 'E9510', 'E9511',
125      ! 'E9518', 'E9520', 'E9521', 'E9528', 'E9529', 'E9530', 'E9531', 'E9538', 'E9539', 'E954', 'E9550', 'E9551', 'E9552',
125      ! 'E9553', 'E9554', 'E9555', 'E9556', 'E9557', 'E9559', 'E956', 'E9570', 'E9571', 'E9572', 'E9579', 'E9580', 'E9581',
125      ! 'E9582', 'E9583', 'E9584', 'E9585', 'E9586', 'E9587', 'E9588', 'E9589', 'E959') or
126                dx2 in: ('F3010', 'F3011', 'F3012', 'F3013', 'F302', 'F303', 'F304', 'F308', 'F309', 'F310', 'F3110', 'F3111',
126      ! 'F3112', 'F3113', 'F312', 'F3130', 'F3131', 'F3132', 'F314', 'F315', 'F3160', 'F3161', 'F3162', 'F3163', 'F3164',
126      ! 'F3170', 'F3171', 'F3172', 'F3173', 'F3174', 'F3175', 'F3176', 'F3177', 'F3178', 'F3181', 'F3189', 'F319', 'F322',
126      ! 'F323', 'F332', 'F333', 'T1491', 'T360X2A', 'T360X2S', 'T361X2A', 'T361X2S', 'T362X2A', 'T362X2S', 'T363X2A', 'T363X2S',
126      ! 'T364X2A', 'T364X2S', 'T365X2A', 'T365X2S', 'T366X2A', 'T366X2S', 'T367X2A', 'T367X2S', 'T368X2A', 'T368X2S', 'T3692XA',
126      ! 'T3692XS', 'T370X2A', 'T370X2S', 'T371X2A', 'T371X2S', 'T372X2A', 'T372X2S', 'T373X2A', 'T373X2S', 'T374X2A', 'T374X2S',
126      ! 'T375X2A', 'T375X2S', 'T378X2A', 'T378X2S', 'T3792XA', 'T3792XS', 'T380X2A', 'T380X2S', 'T381X2A', 'T381X2S', 'T382X2A',
126      ! 'T382X2S', 'T383X2A', 'T383X2S', 'T384X2A', 'T384X2S', 'T385X2A', 'T385X2S', 'T386X2A', 'T386X2S', 'T387X2A', 'T387X2S',
126      ! 'T38802A', 'T38802S', 'T38812A', 'T38812S', 'T38892A', 'T38892S', 'T38902A', 'T38902S', 'T38992A', 'T38992S', 'T39012A',
126      ! 'T39012S', 'T39092A', 'T39092S', 'T391X2A', 'T391X2S', 'T392X2A', 'T392X2S', 'T39312A', 'T39312S', 'T39392A', 'T39392S',
126      ! 'T394X2A', 'T394X2S', 'T398X2A', 'T398X2S', 'T3992XA', 'T3992XS', 'T400X2A', 'T400X2S', 'T401X2A', 'T401X2S', 'T402X2A',
126      ! 'T402X2S', 'T403X2A', 'T403X2S', 'T404X2A', 'T404X2S', 'T405X2A', 'T405X2S', 'T40602A', 'T40602S', 'T40692A', 'T40692S',
126      ! 'T407X2A', 'T407X2S', 'T408X2A', 'T408X2S', 'T40902A', 'T40902S', 'T40992A', 'T40992S', 'T410X2A', 'T410X2S', 'T411X2A',
126      ! 'T411X2S', 'T41202A', 'T41202S', 'T41292A', 'T41292S', 'T413X2A', 'T413X2S', 'T4142XA', 'T4142XS', 'T415X2A', 'T415X2S',
126      ! 'T420X2A', 'T420X2S', 'T421X2A', 'T421X2S', 'T422X2A', 'T422X2S', 'T423X2A', 'T423X2S', 'T424X2A', 'T424X2S', 'T425X2A',
126      ! 'T425X2S', 'T426X2A', 'T426X2S', 'T4272XA', 'T4272XS', 'T428X2A', 'T428X2S', 'T43012A', 'T43012S', 'T43022A', 'T43022S',
126      ! 'T431X2A', 'T431X2S', 'T43202A', 'T43202S', 'T43212A', 'T43212S', 'T43222A', 'T43222S', 'T43292A', 'T43292S', 'T433X2A',
126      ! 'T433X2S', 'T434X2A', 'T434X2S', 'T43502A', 'T43502S', 'T43592A', 'T43592S', 'T43602A', 'T43602S', 'T43612A', 'T43612S',
126      ! 'T43622A', 'T43622S', 'T43632A', 'T43632S', 'T43692A', 'T43692S', 'T438X2A', 'T438X2S', 'T4392XA', 'T4392XS', 'T440X2A',
126      ! 'T440X2S', 'T441X2A', 'T441X2S', 'T442X2A', 'T442X2S', 'T443X2A', 'T443X2S', 'T444X2A', 'T444X2S', 'T445X2A', 'T445X2S',
126      ! 'T446X2A', 'T446X2S', 'T447X2A', 'T447X2S', 'T448X2A', 'T448X2S', 'T44902A', 'T44902S', 'T44992A', 'T44992S', 'T450X2A',
126      ! 'T450X2S', 'T451X2A', 'T451X2S', 'T452X2A', 'T452X2S', 'T453X2A', 'T453X2S', 'T454X2A', 'T454X2S', 'T45512A', 'T45512S',
126      ! 'T45522A', 'T45522S', 'T45602A', 'T45602S', 'T45612A', 'T45612S', 'T45622A', 'T45622S', 'T45692A', 'T45692S', 'T457X2A',
126      ! 'T457X2S', 'T458X2A', 'T458X2S', 'T4592XA', 'T4592XS', 'T460X2A', 'T460X2S', 'T461X2A', 'T461X2S', 'T462X2A', 'T462X2S',
126      ! 'T463X2A', 'T463X2S', 'T464X2A', 'T464X2S', 'T465X2A', 'T465X2S', 'T466X2A', 'T466X2S', 'T467X2A', 'T467X2S', 'T468X2A',
126      ! 'T468X2S', 'T46902A', 'T46902S', 'T46992A', 'T46992S', 'T470X2A', 'T470X2S', 'T471X2A', 'T471X2S', 'T472X2A', 'T472X2S',
126      ! 'T473X2A', 'T473X2S', 'T474X2A', 'T474X2S', 'T475X2A', 'T475X2S', 'T476X2A', 'T476X2S', 'T477X2A', 'T477X2S', 'T478X2A',
126      ! 'T478X2S', 'T4792XA', 'T4792XS', 'T480X2A', 'T480X2S', 'T481X2A', 'T481X2S', 'T48202A', 'T48202S', 'T48292A', 'T48292S',
126      ! 'T483X2A', 'T483X2S', 'T484X2A', 'T484X2S', 'T485X2A', 'T485X2S', 'T486X2A', 'T486X2S', 'T48902A', 'T48902S', 'T48992A',
126      ! 'T48992S', 'T490X2A', 'T490X2S', 'T491X2A', 'T491X2S', 'T492X2A', 'T492X2S', 'T493X2A', 'T493X2S', 'T494X2A', 'T494X2S',
126      ! 'T495X2A', 'T495X2S', 'T496X2A', 'T496X2S', 'T497X2A', 'T497X2S', 'T498X2A', 'T498X2S', 'T4992XA', 'T4992XS', 'T500X2A',
126      ! 'T500X2S', 'T501X2A', 'T501X2S', 'T502X2A', 'T502X2S', 'T503X2A', 'T503X2S', 'T504X2A', 'T504X2S', 'T505X2A', 'T505X2S',
126      ! 'T506X2A', 'T506X2S', 'T507X2A', 'T507X2S', 'T508X2A', 'T508X2S', 'T50902A', 'T50902S', 'T50992A', 'T50992S', 'T50A12A',
126      ! 'T50A12S', 'T50A22A', 'T50A22S', 'T50A92A', 'T50A92S', 'T50B12A', 'T50B12S', 'T50B92A', 'T50B92S', 'T50Z12A', 'T50Z12S',
126      ! 'T50Z92A', 'T50Z92S', 'T510X2A', 'T510X2S', 'T511X2A', 'T511X2S', 'T512X2A', 'T512X2S', 'T513X2A', 'T513X2S', 'T518X2A',
126      ! 'T518X2S', 'T5192XA', 'T5192XS', 'T520X2A', 'T520X2S', 'T521X2A', 'T521X2S', 'T522X2A', 'T522X2S', 'T523X2A', 'T523X2S',
126      ! 'T524X2A', 'T524X2S', 'T528X2A', 'T528X2S', 'T5292XA', 'T5292XS', 'T530X2A', 'T530X2S', 'T531X2A', 'T531X2S', 'T532X2A',
10                                                         The SAS System                            14:06 Wednesday, April 14, 2021

126      ! 'T532X2S', 'T533X2A', 'T533X2S', 'T534X2A', 'T534X2S', 'T535X2A', 'T535X2S', 'T536X2A', 'T536X2S', 'T537X2A', 'T537X2S',
126      ! 'T5392XA', 'T5392XS', 'T540X2A', 'T540X2S', 'T541X2A', 'T541X2S', 'T542X2A', 'T542X2S', 'T543X2A', 'T543X2S', 'T5492XA',
126      ! 'T5492XS', 'T550X2A', 'T550X2S', 'T551X2A', 'T551X2S', 'T560X2A', 'T560X2S', 'T561X2A', 'T561X2S', 'T562X2A', 'T562X2S',
126      ! 'T563X2A', 'T563X2S', 'T564X2A', 'T564X2S', 'T565X2A', 'T565X2S', 'T566X2A', 'T566X2S', 'T567X2A', 'T567X2S', 'T56812A',
126      ! 'T56812S', 'T56892A', 'T56892S', 'T5692XA', 'T5692XS', 'T570X2A', 'T570X2S', 'T571X2A', 'T571X2S', 'T572X2A', 'T572X2S',
126      ! 'T573X2A', 'T573X2S', 'T578X2A', 'T578X2S', 'T5792XA', 'T5792XS', 'T5802XA', 'T5802XS', 'T5812XA', 'T5812XS', 'T582X2A',
126      ! 'T582X2S', 'T588X2A', 'T588X2S', 'T5892XA', 'T5892XS', 'T590X2A', 'T590X2S', 'T591X2A', 'T591X2S', 'T592X2A', 'T592X2S',
126      ! 'T593X2A', 'T593X2S', 'T594X2A', 'T594X2S', 'T595X2A', 'T595X2S', 'T596X2A', 'T596X2S', 'T597X2A', 'T597X2S', 'T59812A',
126      ! 'T59812S', 'T59892A', 'T59892S', 'T5992XA', 'T5992XS', 'T600X2A', 'T600X2S', 'T601X2A', 'T601X2S', 'T602X2A', 'T602X2S',
126      ! 'T603X2A', 'T603X2S', 'T604X2A', 'T604X2S', 'T608X2A', 'T608X2S', 'T6092XA', 'T6092XS', 'T6102XA', 'T6102XS', 'T6112XA',
126      ! 'T6112XS', 'T61772A', 'T61772S', 'T61782A', 'T61782S', 'T618X2A', 'T618X2S', 'T6192XA', 'T6192XS', 'T620X2A', 'T620X2S',
126      ! 'T621X2A', 'T621X2S', 'T622X2A', 'T622X2S', 'T628X2A', 'T628X2S', 'T6292XA', 'T6292XS', 'T63002A', 'T63002S', 'T63012A',
126      ! 'T63012S', 'T63022A', 'T63022S', 'T63032A', 'T63032S', 'T63042A', 'T63042S', 'T63062A', 'T63062S', 'T63072A', 'T63072S',
126      ! 'T63082A', 'T63082S', 'T63092A', 'T63092S', 'T63112A', 'T63112S', 'T63122A', 'T63122S', 'T63192A', 'T63192S', 'T632X2A',
126      ! 'T632X2S', 'T63302A', 'T63302S', 'T63312A', 'T63312S', 'T63322A', 'T63322S', 'T63332A', 'T63332S', 'T63392A', 'T63392S',
126      ! 'T63412A', 'T63412S', 'T63422A', 'T63422S', 'T63432A', 'T63432S', 'T63442A', 'T63442S', 'T63452A', 'T63452S', 'T63462A',
126      ! 'T63462S', 'T63482A', 'T63482S', 'T63512A', 'T63512S', 'T63592A', 'T63592S', 'T63612A', 'T63612S', 'T63622A', 'T63622S',
126      ! 'T63632A', 'T63632S', 'T63692A', 'T63692S', 'T63712A', 'T63712S', 'T63792A', 'T63792S', 'T63812A', 'T63812S', 'T63822A',
126      ! 'T63822S', 'T63832A', 'T63832S', 'T63892A', 'T63892S', 'T6392XA', 'T6392XS', 'T6402XA', 'T6402XS', 'T6482XA', 'T6482XS',
126      ! 'T650X2A', 'T650X2S', 'T651X2A', 'T651X2S', 'T65212A', 'T65212S', 'T65222A', 'T65222S', 'T65292A', 'T65292S', 'T653X2A',
126      ! 'T653X2S', 'T654X2A', 'T654X2S', 'T655X2A', 'T655X2S', 'T656X2A', 'T656X2S', 'T65812A', 'T65812S', 'T65822A', 'T65822S',
126      ! 'T65832A', 'T65832S', 'T65892A', 'T65892S', 'T6592XA', 'T6592XS', 'T71112A', 'T71112S', 'T71122A', 'T71122S', 'T71132A',
126      ! 'T71132S', 'T71152A', 'T71152S', 'T71162A', 'T71162S', 'T71192A', 'T71192S', 'T71222A', 'T71222S', 'T71232A', 'T71232S',
126      ! 'X710XXA', 'X710XXD', 'X710XXS', 'X711XXA', 'X711XXD', 'X711XXS', 'X712XXA', 'X712XXD', 'X712XXS', 'X713XXA', 'X713XXD',
126      ! 'X713XXS', 'X718XXA', 'X718XXD', 'X718XXS', 'X719XXA', 'X719XXD', 'X719XXS', 'X72XXXA', 'X72XXXD', 'X72XXXS', 'X730XXA',
126      ! 'X730XXD', 'X730XXS', 'X731XXA', 'X731XXD', 'X731XXS', 'X732XXA', 'X732XXD', 'X732XXS', 'X738XXA', 'X738XXD', 'X738XXS',
126      ! 'X739XXA', 'X739XXD', 'X739XXS', 'X7401XA', 'X7401XD', 'X7401XS', 'X7402XA', 'X7402XD', 'X7402XS', 'X7409XA', 'X7409XD',
126      ! 'X7409XS', 'X748XXA', 'X748XXD', 'X748XXS', 'X749XXA', 'X749XXD', 'X749XXS', 'X75XXXA', 'X75XXXD', 'X75XXXS', 'X76XXXA',
126      ! 'X76XXXD', 'X76XXXS', 'X770XXA', 'X770XXD', 'X770XXS', 'X771XXA', 'X771XXD', 'X771XXS', 'X772XXA', 'X772XXD', 'X772XXS',
126      ! 'X773XXA', 'X773XXD', 'X773XXS', 'X778XXA', 'X778XXD', 'X778XXS', 'X779XXA', 'X779XXD', 'X779XXS', 'X780XXA', 'X780XXD',
126      ! 'X780XXS', 'X781XXA', 'X781XXD', 'X781XXS', 'X782XXA', 'X782XXD', 'X782XXS', 'X788XXA', 'X788XXD', 'X788XXS', 'X789XXA',
126      ! 'X789XXD', 'X789XXS', 'X79XXXA', 'X79XXXD', 'X79XXXS', 'X80XXXA', 'X80XXXD', 'X80XXXS', 'X810XXA', 'X810XXD', 'X810XXS',
126      ! 'X811XXA', 'X811XXD', 'X811XXS', 'X818XXA', 'X818XXD', 'X818XXS', 'X820XXA', 'X820XXD', 'X820XXS', 'X821XXA', 'X821XXD',
126      ! 'X821XXS', 'X822XXA', 'X822XXD', 'X822XXS', 'X828XXA', 'X828XXD', 'X828XXS', 'X830XXA', 'X830XXD', 'X830XXS', 'X831XXA',
126      ! 'X831XXD', 'X831XXS', 'X832XXA', 'X832XXD', 'X832XXS', 'X838XXA', 'X838XXD', 'X838XXS', '29600', '29601', '29602',
126      ! '29603', '29604', '29605', '29606', '29610', '29611', '29612', '29613', '29614', '29615', '29616', '29620', '29621',
126      ! '29622', '29623', '29624', '29625', '29626', '29630', '29631', '29632', '29633', '29634', '29635', '29636', '29640',
126      ! '29641', '29642', '29643', '29644', '29645', '29646', '29650', '29651', '29652', '29653', '29654', '29655', '29656',
126      ! '29660', '29661', '29662', '29663', '29664', '29665', '29666', '2967', '29680', '29681', '29682', '29689', '29690',
126      ! '29699', 'E9500', 'E9501', 'E9502', 'E9503', 'E9504', 'E9505', 'E9506', 'E9507', 'E9508', 'E9509', 'E9510', 'E9511',
126      ! 'E9518', 'E9520', 'E9521', 'E9528', 'E9529', 'E9530', 'E9531', 'E9538', 'E9539', 'E954', 'E9550', 'E9551', 'E9552',
126      ! 'E9553', 'E9554', 'E9555', 'E9556', 'E9557', 'E9559', 'E956', 'E9570', 'E9571', 'E9572', 'E9579', 'E9580', 'E9581',
126      ! 'E9582', 'E9583', 'E9584', 'E9585', 'E9586', 'E9587', 'E9588', 'E9589', 'E959'))
127                then hcc=88;
128        
129            *90     "Personality Disorder";
130            if (dx1 in: ('30012', '30013', '30014', '30015', '3006', '3010', '30110', '30111', '30112', '30113', '30120',
130      ! '30121', '30122', '3013', '3014', '30150', '30151', '30159', '3016', '3017', '30181', '30182', '30183', '30184', '30189',
130      !  '3019', 'F21', 'F440', 'F441', 'F4481', 'F481', 'F600', 'F601', 'F602', 'F603', 'F604', 'F605', 'F606', 'F607', 'F6081',
130      !  'F6089', 'F609') or
131                dx2 in: ('30012', '30013', '30014', '30015', '3006', '3010', '30110', '30111', '30112', '30113', '30120',
131      ! '30121', '30122', '3013', '3014', '30150', '30151', '30159', '3016', '3017', '30181', '30182', '30183', '30184', '30189',
131      !  '3019', 'F21', 'F440', 'F441', 'F4481', 'F481', 'F600', 'F601', 'F602', 'F603', 'F604', 'F605', 'F606', 'F607', 'F6081',
131      !  'F6089', 'F609'))
132                then hcc=90;
133        
134            *118     "Multiple Sclerosis";
135            if (dx1 in: ('G35', 'G360', 'G370', 'G375', '340', '3410', '3411') or
11                                                         The SAS System                            14:06 Wednesday, April 14, 2021

136                dx2 in: ('G35', 'G360', 'G370', 'G375', '340', '3410', '3411'))
137                then hcc=118;
138        
139            *120     "Seizures";
140            if (dx1 in: ('34500', '34501', '34510', '34511', '3452', '3453', '34540', '34541', '34550', '34551', '34560',
140      ! '34561', '34570', '34571', '34580', '34581', '34590', '34591', '7790', '78031', '78032', '78033', '78039', 'G40001',
140      ! 'G40009', 'G40011', 'G40019', 'G40101', 'G40109', 'G40111', 'G40119', 'G40201', 'G40209', 'G40211', 'G40219', 'G40301',
140      ! 'G40309', 'G40311', 'G40319', 'G40401', 'G40409', 'G40411', 'G40419', 'G40501', 'G40509', 'G40801', 'G40802', 'G40803',
140      ! 'G40804', 'G40811', 'G40812', 'G40813', 'G40814', 'G40821', 'G40822', 'G40823', 'G40824', 'G4089', 'G40901', 'G40909',
140      ! 'G40911', 'G40919', 'G40A01', 'G40A09', 'G40A11', 'G40A19', 'G40B01', 'G40B09', 'G40B11', 'G40B19', 'P90', 'R5600',
140      ! 'R5601', 'R561', 'R569') or
141                dx2 in: ('34500', '34501', '34510', '34511', '3452', '3453', '34540', '34541', '34550', '34551', '34560',
141      ! '34561', '34570', '34571', '34580', '34581', '34590', '34591', '7790', '78031', '78032', '78033', '78039', 'G40001',
141      ! 'G40009', 'G40011', 'G40019', 'G40101', 'G40109', 'G40111', 'G40119', 'G40201', 'G40209', 'G40211', 'G40219', 'G40301',
141      ! 'G40309', 'G40311', 'G40319', 'G40401', 'G40409', 'G40411', 'G40419', 'G40501', 'G40509', 'G40801', 'G40802', 'G40803',
141      ! 'G40804', 'G40811', 'G40812', 'G40813', 'G40814', 'G40821', 'G40822', 'G40823', 'G40824', 'G4089', 'G40901', 'G40909',
141      ! 'G40911', 'G40919', 'G40A01', 'G40A09', 'G40A11', 'G40A19', 'G40B01', 'G40B09', 'G40B11', 'G40B19', 'P90', 'R5600',
141      ! 'R5601', 'R561', 'R569'))
142                then hcc=120;
143        
144            *130     "Congestive Heart Failure";
145            if (dx1 in: ('39891', '40201', '40211', '40291', '40401', '40403', '40411', '40413', '40491', '40493', '4150',
145      ! '4160', '4161', '4168', '4169', '4170', '4171', '4178', '4179', '4250', '42511', '42518', '4252', '4253', '4254', '4255',
145      !  '4257', '4258', '4259', '4280', '4281', '42820', '42821', '42822', '42823', '42830', '42831', '42832', '42833', '42840',
145      !  '42841', '42842', '42843', '4289', '4290', '4291', 'A3681', 'B3324', 'I0981', 'I110', 'I130', 'I132', 'I2601', 'I2602',
145      ! 'I2609', 'I270', 'I271', 'I272', 'I2781', 'I2789', 'I279', 'I280', 'I281', 'I288', 'I289', 'I420', 'I421', 'I422',
145      ! 'I423', 'I424', 'I425', 'I426', 'I427', 'I428', 'I429', 'I43', 'I501', 'I5020', 'I5021', 'I5022', 'I5023', 'I5030',
145      ! 'I5031', 'I5032', 'I5033', 'I5040', 'I5041', 'I5042', 'I5043', 'I509', 'I514', 'I515') or
146                dx2 in: ('39891', '40201', '40211', '40291', '40401', '40403', '40411', '40413', '40491', '40493', '4150',
146      ! '4160', '4161', '4168', '4169', '4170', '4171', '4178', '4179', '4250', '42511', '42518', '4252', '4253', '4254', '4255',
146      !  '4257', '4258', '4259', '4280', '4281', '42820', '42821', '42822', '42823', '42830', '42831', '42832', '42833', '42840',
146      !  '42841', '42842', '42843', '4289', '4290', '4291', 'A3681', 'B3324', 'I0981', 'I110', 'I130', 'I132', 'I2601', 'I2602',
146      ! 'I2609', 'I270', 'I271', 'I272', 'I2781', 'I2789', 'I279', 'I280', 'I281', 'I288', 'I289', 'I420', 'I421', 'I422',
146      ! 'I423', 'I424', 'I425', 'I426', 'I427', 'I428', 'I429', 'I43', 'I501', 'I5020', 'I5021', 'I5022', 'I5023', 'I5030',
146      ! 'I5031', 'I5032', 'I5033', 'I5040', 'I5041', 'I5042', 'I5043', 'I509', 'I514', 'I515'))
147                then hcc=130;
148        
149            *142     "Heart Arrhythmias";
150            if (dx1 in: ('4260', '4270', '4271', '4272', '42731', '42732', '42781', 'I442', 'I470', 'I471', 'I472', 'I479',
150      ! 'I480', 'I481', 'I482', 'I483', 'I484', 'I4891', 'I4892', 'I492', 'I495') or
151                dx2 in: ('4260', '4270', '4271', '4272', '42731', '42732', '42781', 'I442', 'I470', 'I471', 'I472', 'I479',
151      ! 'I480', 'I481', 'I482', 'I483', 'I484', 'I4891', 'I4892', 'I492', 'I495'))
152                then hcc=142;
153        
154            *161     "Asthma";
155            if (dx1 in: ('49300', '49301', '49302', '49310', '49311', '49312', '49381', '49382', '49390', '49391', '49392',
155      ! 'J4520', 'J4521', 'J4522', 'J4530', 'J4531', 'J4532', 'J4540', 'J4541', 'J4542', 'J4550', 'J4551', 'J4552', 'J45901',
155      ! 'J45902', 'J45909', 'J45990', 'J45991', 'J45998') or
156                dx2 in: ('49300', '49301', '49302', '49310', '49311', '49312', '49381', '49382', '49390', '49391', '49392',
156      ! 'J4520', 'J4521', 'J4522', 'J4530', 'J4531', 'J4532', 'J4540', 'J4541', 'J4542', 'J4550', 'J4551', 'J4552', 'J45901',
156      ! 'J45902', 'J45909', 'J45990', 'J45991', 'J45998'))
157                then hcc=161;
158        
159            *162     "Fibrosis of Lung";
160            if (dx1 in: ('M3213', 'M3301', 'M3311', 'M3321', 'M3391', 'M3481', 'M3502', 'B4481', 'D860', 'D862', 'J60', 'J61',
160      ! 'J620', 'J628', 'J630', 'J631', 'J632', 'J633', 'J634', 'J635', 'J636', 'J64', 'J65', 'J660', 'J661', 'J662', 'J668',
160      ! 'J670', 'J671', 'J672', 'J673', 'J674', 'J675', 'J676', 'J677', 'J678', 'J679', 'J680', 'J681', 'J682', 'J683', 'J684',
160      ! 'J688', 'J689', 'J700', 'J701', 'J82', 'J8401', 'J8402', 'J8403', 'J8409', 'J8410', 'J84111', 'J84112', 'J84113',
12                                                         The SAS System                            14:06 Wednesday, April 14, 2021

160      ! 'J84114', 'J84115', 'J84116', 'J84117', 'J8417', 'J842', 'J8481', 'J8482', 'J8483', 'J84841', 'J84842', 'J84843',
160      ! 'J84848', 'J8489', 'J849', 'J99', '135', '4950', '4951', '4952', '4953', '4954', '4955', '4956', '4957', '4958', '4959',
160      ! '500', '501', '502', '503', '504', '505', '5060', '5061', '5062', '5063', '5064', '5069', '5080', '5081', '515', '5160',
160      ! '5161', '5162', '51630', '51631', '51632', '51633', '51634', '51635', '51636', '51637', '5164', '5165', '51661', '51662',
160      !  '51663', '51664', '51669', '5168', '5169', '5171', '5172', '5178', '5183', '5186') or
161                dx2 in: ('M3213', 'M3301', 'M3311', 'M3321', 'M3391', 'M3481', 'M3502', 'B4481', 'D860', 'D862', 'J60', 'J61',
161      ! 'J620', 'J628', 'J630', 'J631', 'J632', 'J633', 'J634', 'J635', 'J636', 'J64', 'J65', 'J660', 'J661', 'J662', 'J668',
161      ! 'J670', 'J671', 'J672', 'J673', 'J674', 'J675', 'J676', 'J677', 'J678', 'J679', 'J680', 'J681', 'J682', 'J683', 'J684',
161      ! 'J688', 'J689', 'J700', 'J701', 'J82', 'J8401', 'J8402', 'J8403', 'J8409', 'J8410', 'J84111', 'J84112', 'J84113',
161      ! 'J84114', 'J84115', 'J84116', 'J84117', 'J8417', 'J842', 'J8481', 'J8482', 'J8483', 'J84841', 'J84842', 'J84843',
161      ! 'J84848', 'J8489', 'J849', 'J99', '135', '4950', '4951', '4952', '4953', '4954', '4955', '4956', '4957', '4958', '4959',
161      ! '500', '501', '502', '503', '504', '505', '5060', '5061', '5062', '5063', '5064', '5069', '5080', '5081', '515', '5160',
161      ! '5161', '5162', '51630', '51631', '51632', '51633', '51634', '51635', '51636', '51637', '5164', '5165', '51661', '51662',
161      !  '51663', '51664', '51669', '5168', '5169', '5171', '5172', '5178', '5183', '5186'))
162                then hcc=162;
163        
164            *217     "Chronic Skin Ulcer";
165            if (dx1 in: ('4540', '4542', '45911', '45913', '45931', '45933', '68601', '70710', '70711', '70712', '70713',
165      ! '70714', '70715', '70719', '7078', '7079', 'I83001', 'I83002', 'I83003', 'I83004', 'I83005', 'I83008', 'I83009',
165      ! 'I83011', 'I83012', 'I83013', 'I83014', 'I83015', 'I83018', 'I83019', 'I83021', 'I83022', 'I83023', 'I83024', 'I83025',
165      ! 'I83028', 'I83029', 'I83201', 'I83202', 'I83203', 'I83204', 'I83205', 'I83208', 'I83209', 'I83211', 'I83212', 'I83213',
165      ! 'I83214', 'I83215', 'I83218', 'I83219', 'I83221', 'I83222', 'I83223', 'I83224', 'I83225', 'I83228', 'I83229', 'I87011',
165      ! 'I87012', 'I87013', 'I87019', 'I87031', 'I87032', 'I87033', 'I87039', 'I87311', 'I87312', 'I87313', 'I87319', 'I87331',
165      ! 'I87332', 'I87333', 'I87339', 'L88', 'L97101', 'L97102', 'L97103', 'L97104', 'L97109', 'L97111', 'L97112', 'L97113',
165      ! 'L97114', 'L97119', 'L97121', 'L97122', 'L97123', 'L97124', 'L97129', 'L97201', 'L97202', 'L97203', 'L97204', 'L97209',
165      ! 'L97211', 'L97212', 'L97213', 'L97214', 'L97219', 'L97221', 'L97222', 'L97223', 'L97224', 'L97229', 'L97301', 'L97302',
165      ! 'L97303', 'L97304', 'L97309', 'L97311', 'L97312', 'L97313', 'L97314', 'L97319', 'L97321', 'L97322', 'L97323', 'L97324',
165      ! 'L97329', 'L97401', 'L97402', 'L97403', 'L97404', 'L97409', 'L97411', 'L97412', 'L97413', 'L97414', 'L97419', 'L97421',
165      ! 'L97422', 'L97423', 'L97424', 'L97429', 'L97501', 'L97502', 'L97503', 'L97504', 'L97509', 'L97511', 'L97512', 'L97513',
165      ! 'L97514', 'L97519', 'L97521', 'L97522', 'L97523', 'L97524', 'L97529', 'L97801', 'L97802', 'L97803', 'L97804', 'L97809',
165      ! 'L97811', 'L97812', 'L97813', 'L97814', 'L97819', 'L97821', 'L97822', 'L97823', 'L97824', 'L97829', 'L97901', 'L97902',
165      ! 'L97903', 'L97904', 'L97909', 'L97911', 'L97912', 'L97913', 'L97914', 'L97919', 'L97921', 'L97922', 'L97923', 'L97924',
165      ! 'L97929', 'L98411', 'L98412', 'L98413', 'L98414', 'L98419', 'L98421', 'L98422', 'L98423', 'L98424', 'L98429', 'L98491',
165      ! 'L98492', 'L98493', 'L98494', 'L98499', 'I70231', 'I70232', 'I70233', 'I70234', 'I70235', 'I70238', 'I70239', 'I70241',
165      ! 'I70242', 'I70243', 'I70244', 'I70245', 'I70248', 'I70249', 'I7025', 'I70331', 'I70332', 'I70333', 'I70334', 'I70335',
165      ! 'I70338', 'I70339', 'I70341', 'I70342', 'I70343', 'I70344', 'I70345', 'I70348', 'I70349', 'I7035', 'I70431', 'I70432',
165      ! 'I70433', 'I70434', 'I70435', 'I70438', 'I70439', 'I70441', 'I70442', 'I70443', 'I70444', 'I70445', 'I70448', 'I70449',
165      ! 'I7045', 'I70531', 'I70532', 'I70533', 'I70534', 'I70535', 'I70538', 'I70539', 'I70541', 'I70542', 'I70543', 'I70544',
165      ! 'I70545', 'I70548', 'I70549', 'I7055', 'I70631', 'I70632', 'I70633', 'I70634', 'I70635', 'I70638', 'I70639', 'I70641',
165      ! 'I70642', 'I70643', 'I70644', 'I70645', 'I70648', 'I70649', 'I7065', 'I70731', 'I70732', 'I70733', 'I70734', 'I70735',
165      ! 'I70738', 'I70739', 'I70741', 'I70742', 'I70743', 'I70744', 'I70745', 'I70748', 'I70749', 'I7075') or
166                dx2 in: ('4540', '4542', '45911', '45913', '45931', '45933', '68601', '70710', '70711', '70712', '70713',
166      ! '70714', '70715', '70719', '7078', '7079', 'I83001', 'I83002', 'I83003', 'I83004', 'I83005', 'I83008', 'I83009',
166      ! 'I83011', 'I83012', 'I83013', 'I83014', 'I83015', 'I83018', 'I83019', 'I83021', 'I83022', 'I83023', 'I83024', 'I83025',
166      ! 'I83028', 'I83029', 'I83201', 'I83202', 'I83203', 'I83204', 'I83205', 'I83208', 'I83209', 'I83211', 'I83212', 'I83213',
166      ! 'I83214', 'I83215', 'I83218', 'I83219', 'I83221', 'I83222', 'I83223', 'I83224', 'I83225', 'I83228', 'I83229', 'I87011',
166      ! 'I87012', 'I87013', 'I87019', 'I87031', 'I87032', 'I87033', 'I87039', 'I87311', 'I87312', 'I87313', 'I87319', 'I87331',
166      ! 'I87332', 'I87333', 'I87339', 'L88', 'L97101', 'L97102', 'L97103', 'L97104', 'L97109', 'L97111', 'L97112', 'L97113',
166      ! 'L97114', 'L97119', 'L97121', 'L97122', 'L97123', 'L97124', 'L97129', 'L97201', 'L97202', 'L97203', 'L97204', 'L97209',
166      ! 'L97211', 'L97212', 'L97213', 'L97214', 'L97219', 'L97221', 'L97222', 'L97223', 'L97224', 'L97229', 'L97301', 'L97302',
166      ! 'L97303', 'L97304', 'L97309', 'L97311', 'L97312', 'L97313', 'L97314', 'L97319', 'L97321', 'L97322', 'L97323', 'L97324',
166      ! 'L97329', 'L97401', 'L97402', 'L97403', 'L97404', 'L97409', 'L97411', 'L97412', 'L97413', 'L97414', 'L97419', 'L97421',
166      ! 'L97422', 'L97423', 'L97424', 'L97429', 'L97501', 'L97502', 'L97503', 'L97504', 'L97509', 'L97511', 'L97512', 'L97513',
166      ! 'L97514', 'L97519', 'L97521', 'L97522', 'L97523', 'L97524', 'L97529', 'L97801', 'L97802', 'L97803', 'L97804', 'L97809',
166      ! 'L97811', 'L97812', 'L97813', 'L97814', 'L97819', 'L97821', 'L97822', 'L97823', 'L97824', 'L97829', 'L97901', 'L97902',
166      ! 'L97903', 'L97904', 'L97909', 'L97911', 'L97912', 'L97913', 'L97914', 'L97919', 'L97921', 'L97922', 'L97923', 'L97924',
166      ! 'L97929', 'L98411', 'L98412', 'L98413', 'L98414', 'L98419', 'L98421', 'L98422', 'L98423', 'L98424', 'L98429', 'L98491',
166      ! 'L98492', 'L98493', 'L98494', 'L98499', 'I70231', 'I70232', 'I70233', 'I70234', 'I70235', 'I70238', 'I70239', 'I70241',
13                                                         The SAS System                            14:06 Wednesday, April 14, 2021

166      ! 'I70242', 'I70243', 'I70244', 'I70245', 'I70248', 'I70249', 'I7025', 'I70331', 'I70332', 'I70333', 'I70334', 'I70335',
166      ! 'I70338', 'I70339', 'I70341', 'I70342', 'I70343', 'I70344', 'I70345', 'I70348', 'I70349', 'I7035', 'I70431', 'I70432',
166      ! 'I70433', 'I70434', 'I70435', 'I70438', 'I70439', 'I70441', 'I70442', 'I70443', 'I70444', 'I70445', 'I70448', 'I70449',
166      ! 'I7045', 'I70531', 'I70532', 'I70533', 'I70534', 'I70535', 'I70538', 'I70539', 'I70541', 'I70542', 'I70543', 'I70544',
166      ! 'I70545', 'I70548', 'I70549', 'I7055', 'I70631', 'I70632', 'I70633', 'I70634', 'I70635', 'I70638', 'I70639', 'I70641',
166      ! 'I70642', 'I70643', 'I70644', 'I70645', 'I70648', 'I70649', 'I7065', 'I70731', 'I70732', 'I70733', 'I70734', 'I70735',
166      ! 'I70738', 'I70739', 'I70741', 'I70742', 'I70743', 'I70744', 'I70745', 'I70748', 'I70749', 'I7075'))
167                then hcc=217;
168        
169           if hcc = 0 then delete;
170        
171           oop = copay + cob + coins + deduct;
172        run;

NOTE: There were 38325682 observations read from the data set IN.ALLFAMILIES_INPATIENT.
NOTE: The data set OUT.CHRONICCOSTS_IP has 4263669 observations and 15 variables.
NOTE: Compressing data set OUT.CHRONICCOSTS_IP decreased size by 28.70 percent. 
      Compressed is 4092 pages; un-compressed would require 5739 pages.
NOTE: DATA statement used (Total process time):
      real time           27:41.26
      cpu time            27:40.22
      

173        
174        
175        *** Collapse to yearly spending by enrollee-hcc pairing (eventually need to merge this back into main sample);
176        proc sql;
177           create table out.chroniccosts_ip_table as
178           select enrolid, hcc, year, sum(oop) as ip_oop, sum(pay) as ip_pay from out.chroniccosts_ip
179           group by enrolid, hcc, year;
NOTE: Table OUT.CHRONICCOSTS_IP_TABLE created, with 298425 rows and 5 columns.

180        quit;
NOTE: PROCEDURE SQL used (Total process time):
      real time           3.47 seconds
      cpu time            3.27 seconds
      

181        
182        
183        *** Adjust for inflation;
184        data out.chroniccosts_ip_table;
185           set out.chroniccosts_ip_table;
186        
187           * Change all spending to 2020 dollars;
188           if year = 2006 then ip_oop = ip_oop * 1.2788;
189           if year = 2006 then ip_pay = ip_pay * 1.2788 ;
190           if year = 2007 then ip_oop = ip_oop * 1.2449;
191           if year = 2007 then ip_pay = ip_pay * 1.2449;
192           if year = 2008 then ip_oop = ip_oop * 1.1988;
193           if year = 2008 then ip_pay = ip_pay * 1.1988 ;
194           if year = 2009 then ip_oop = ip_oop * 1.2031 ;
195           if year = 2009 then ip_pay = ip_pay * 1.2031 ;
196           if year = 2010 then ip_oop = ip_oop * 1.1837 ;
197           if year = 2010 then ip_pay = ip_pay * 1.1837 ;
198           if year = 2011 then ip_oop = ip_oop * 1.1475 ;
199           if year = 2011 then ip_pay = ip_pay * 1.1475 ;
200           if year = 2012 then ip_oop = ip_oop * 1.1242 ;
14                                                         The SAS System                            14:06 Wednesday, April 14, 2021

201           if year = 2012 then ip_pay = ip_pay * 1.1242  ;
202           if year = 2013 then ip_oop = ip_oop * 1.1080 ;
203           if year = 2013 then ip_pay = ip_pay * 1.1080 ;
204           if year = 2014 then ip_oop = ip_oop * 1.0903 ;
205           if year = 2014 then ip_pay = ip_pay * 1.0903 ;
206           if year = 2015 then ip_oop = ip_oop * 1.0890 ;
207           if year = 2015 then ip_pay = ip_pay * 1.0890 ;
208           if year = 2016 then ip_oop = ip_oop * 1.0754 ;
209           if year = 2016 then ip_pay = ip_pay * 1.0754 ;
210           if year = 2017 then ip_oop = ip_oop * 1.0530 ;
211           if year = 2017 then ip_pay = ip_pay * 1.0530 ;
212           if year = 2018 then ip_oop = ip_oop * 1.0261 ;
213           if year = 2018 then ip_pay = ip_pay * 1.0261 ;
214        run;

NOTE: There were 298425 observations read from the data set OUT.CHRONICCOSTS_IP_TABLE.
NOTE: The data set OUT.CHRONICCOSTS_IP_TABLE has 298425 observations and 5 variables.
NOTE: DATA statement used (Total process time):
      real time           0.07 seconds
      cpu time            0.06 seconds
      

215        
216        *proc delete data=out.chroniccosts_ip;
217        *run;

NOTE: SAS Institute Inc., SAS Campus Drive, Cary, NC USA 27513-2414
NOTE: The SAS System used:
      real time           27:46.33
      cpu time            27:43.64
      
