1                                                          The SAS System                              11:53 Wednesday, May 26, 2021

NOTE: Unable to open SASUSER.REGSTRY. WORK.REGSTRY will be opened instead.
NOTE: All registry changes will be lost at the end of the session.

WARNING: Unable to copy SASUSER registry to WORK registry. Because of this, you will not see registry customizations during this 
         session.
NOTE: Unable to open SASUSER.PROFILE. WORK.PROFILE will be opened instead.
NOTE: All profile changes will be lost at the end of the session.
NOTE: Copyright (c) 2016 by SAS Institute Inc., Cary, NC, USA. 
NOTE: SAS (r) Proprietary Software 9.4 (TS1M5) 
      Licensed to BOSTON UNIVERSITY - SFA T&R, Site 70084216.
NOTE: This session is executing on the Linux 3.10.0-1160.25.1.el7.x86_64 (LIN X64) platform.



NOTE: Updated analytical products:
      
      SAS/STAT 14.3
      SAS/ETS 14.3
      SAS/OR 14.3
      SAS/IML 14.3
      SAS/QC 14.3

NOTE: Additional host information:

 Linux LIN X64 3.10.0-1160.25.1.el7.x86_64 #1 SMP Wed Apr 28 21:49:45 UTC 2021 x86_64 CentOS Linux release 7.9.2009 (Core) 

You are running SAS 9. Some SAS 8 files will be automatically converted 
by the V9 engine; others are incompatible.  Please see 
http://support.sas.com/rnd/migration/planning/platform/64bit.html

PROC MIGRATE will preserve current SAS file attributes and is 
recommended for converting all your SAS libraries from any 
SAS 8 release to SAS 9.  For details and examples, please see
http://support.sas.com/rnd/migration/index.html


This message is contained in the SAS news file, and is presented upon
initialization.  Edit the file "news" in the "misc/base" directory to
display site-specific news and information in the program log.
The command line option "-nonews" will prevent this display.




NOTE: SAS initialization used:
      real time           0.79 seconds
      cpu time            0.05 seconds
      
1          /*
2          *========================================================================*
3          * Program:   Identifying family risk from diagnosis 		             *
4          *                                                                        *
5          * Purpose:   This code identifies non-sample individuals diagnosed 	 *
6          * 		with an HCC in 2007. Then, calculates the rate at which  *
7          *		other family members are diagnosed in next 10 years.     *
8          *                                                                        *
9          * Note: This file							 *
10         * Author:    Alex Hoagland	                                         *
2                                                          The SAS System                              11:53 Wednesday, May 26, 2021

11         *            Boston University				                 *
12         *									 *
13         * Created:   October, 2020		                                 *
14         * Updated:  		                                                 *
15         *========================================================================*;
16         */
17         
18         *Set libraries;
19         libname in '/projectnb2/marketscan' access=readonly;
NOTE: Libref IN was successfully assigned as follows: 
      Engine:        V9 
      Physical Name: /projectnb2/marketscan
20         libname out '/project/caretaking/IdentifyPHat/';
NOTE: Libref OUT was successfully assigned as follows: 
      Engine:        V9 
      Physical Name: /project/caretaking/IdentifyPHat
21         
22         /*------------------------------------------------------------------------*
23          * 		ORDER OF OPERATIONS					  *
24          * 0. Identify all with HCC  claims in 2007-2018			  *
25          * 1. Pull enrollment files for all families in (0.)			  *
26          * 2. The rest is done in stata						  *
27          *------------------------------------------------------------------------*/;
28         
29         
30         /* --- 0. All Claims, 2007 - 2018 -----------------------------------------*/;
31         data out.allclaims_hcc48_2007;
32            set in.ms_o_2007(keep=enrolid age sex year dx1 dx2 svcdate) in.ms_s_2007(keep=enrolid age sex year dx1 dx2 svcdate);
NOTE: Data file IN.MS_O_2007.DATA is in a format that is native to another host, or the file encoding does not match the session 
      encoding. Cross Environment Data Access will be used, which might require additional CPU resources and might reduce 
      performance.
NOTE: Data file IN.MS_S_2007.DATA is in a format that is native to another host, or the file encoding does not match the session 
      encoding. Cross Environment Data Access will be used, which might require additional CPU resources and might reduce 
      performance.
33         
34            if dx1 in: ('5550', '5551', '5552', '5559', '5560', '5561', '5562', '5563', '5564', '5565', '5566', '5568', '5569',
34       ! 'K5000', 'K50011', 'K50013', 'K50014', 'K50018', 'K50019', 'K5010', 'K50111', 'K50113', 'K50114', 'K50118', 'K50119',
34       ! 'K5080', 'K50811', 'K50813', 'K50814', 'K50818', 'K50819', 'K5090', 'K50911', 'K50913', 'K50914', 'K50918', 'K50919',
34       ! 'K5100', 'K51011', 'K51013', 'K51014', 'K51018', 'K51019', 'K5120', 'K51211', 'K51213', 'K51214', 'K51218', 'K51219',
34       ! 'K5130', 'K51311', 'K51313', 'K51314', 'K51318', 'K51319', 'K5140', 'K51411', 'K51413', 'K51414', 'K51418', 'K51419',
34       ! 'K5150', 'K51511', 'K51513', 'K51514', 'K51518', 'K51519', 'K5180', 'K51811', 'K51813', 'K51814', 'K51818', 'K51819',
34       ! 'K5190', 'K51911', 'K51913', 'K51914', 'K51918', 'K51919', 'K50012', 'K50112', 'K50812', 'K50912', 'K51012', 'K51212',
34       ! 'K51312', 'K51412', 'K51512', 'K51812', 'K51912') or
35               dx2 in: ('5550', '5551', '5552', '5559', '5560', '5561', '5562', '5563', '5564', '5565', '5566', '5568', '5569',
35       ! 'K5000', 'K50011', 'K50013', 'K50014', 'K50018', 'K50019', 'K5010', 'K50111', 'K50113', 'K50114', 'K50118', 'K50119',
35       ! 'K5080', 'K50811', 'K50813', 'K50814', 'K50818', 'K50819', 'K5090', 'K50911', 'K50913', 'K50914', 'K50918', 'K50919',
35       ! 'K5100', 'K51011', 'K51013', 'K51014', 'K51018', 'K51019', 'K5120', 'K51211', 'K51213', 'K51214', 'K51218', 'K51219',
35       ! 'K5130', 'K51311', 'K51313', 'K51314', 'K51318', 'K51319', 'K5140', 'K51411', 'K51413', 'K51414', 'K51418', 'K51419',
35       ! 'K5150', 'K51511', 'K51513', 'K51514', 'K51518', 'K51519', 'K5180', 'K51811', 'K51813', 'K51814', 'K51818', 'K51819',
35       ! 'K5190', 'K51911', 'K51913', 'K51914', 'K51918', 'K51919', 'K50012', 'K50112', 'K50812', 'K50912', 'K51012', 'K51212',
35       ! 'K51312', 'K51412', 'K51512', 'K51812', 'K51912');
36         run;

NOTE: There were 597934189 observations read from the data set IN.MS_O_2007.
NOTE: There were 51839595 observations read from the data set IN.MS_S_2007.
NOTE: The data set OUT.ALLCLAIMS_HCC48_2007 has 1430855 observations and 7 variables.
NOTE: DATA statement used (Total process time):
      real time           1:06:36.15
3                                                          The SAS System                              11:53 Wednesday, May 26, 2021

      cpu time            1:06:35.39
      

37         
38         * Collapse to enrollee level;
39         proc sql;
40            create table out.allenrollees_hcc48_2007 as
41            select enrolid from out.allclaims_hcc48_2007
42            group by enrolid;
WARNING: A GROUP BY clause has been transformed into an ORDER BY clause because neither the SELECT clause nor the optional HAVING 
         clause of the associated table-expression referenced a summary function.
NOTE: Table OUT.ALLENROLLEES_HCC48_2007 created, with 1430855 rows and 1 columns.

43         quit;
NOTE: PROCEDURE SQL used (Total process time):
      real time           1.22 seconds
      cpu time            0.93 seconds
      

44         
45         data out.allenrollees_hcc48_2007;
46            set out.allenrollees_hcc48_2007;
47         
48            famid = floor(enrolid/100);
49         run;

NOTE: There were 1430855 observations read from the data set OUT.ALLENROLLEES_HCC48_2007.
NOTE: The data set OUT.ALLENROLLEES_HCC48_2007 has 1430855 observations and 2 variables.
NOTE: DATA statement used (Total process time):
      real time           0.46 seconds
      cpu time            0.36 seconds
      

50         
51         /* --- 1. Enrollment Info for all involved families -----------------------------------------*/;
52         data out.allenrollment_48_2007;
53            if _N_=1 then do;
54            declare hash ids(dataset:"out.allenrollees_hcc48_2007");
55            ids.definekey('famid');
56            ids.definedone();
57            end;
58         
59            set in.ms_a_2007;
NOTE: Data file IN.MS_A_2007.DATA is in a format that is native to another host, or the file encoding does not match the session 
      encoding. Cross Environment Data Access will be used, which might require additional CPU resources and might reduce 
      performance.
60            famid = floor(enrolid/100);
61            if ids.find()^=0 then delete;
62         run;

NOTE: There were 1430855 observations read from the data set OUT.ALLENROLLEES_HCC48_2007.
NOTE: There were 35042269 observations read from the data set IN.MS_A_2007.
NOTE: The data set OUT.ALLENROLLMENT_48_2007 has 276645 observations and 85 variables.
NOTE: DATA statement used (Total process time):
      real time           5:39.18
      cpu time            5:38.90
      

4                                                          The SAS System                              11:53 Wednesday, May 26, 2021


NOTE: SAS Institute Inc., SAS Campus Drive, Cary, NC USA 27513-2414
NOTE: The SAS System used:
      real time           1:12:18.18
      cpu time            1:12:15.65
      
