1                                                          The SAS System                                20:21 Tuesday, May 25, 2021

NOTE: Unable to open SASUSER.REGSTRY. WORK.REGSTRY will be opened instead.
NOTE: All registry changes will be lost at the end of the session.

WARNING: Unable to copy SASUSER registry to WORK registry. Because of this, you will not see registry customizations during this 
         session.
NOTE: Unable to open SASUSER.PROFILE. WORK.PROFILE will be opened instead.
NOTE: All profile changes will be lost at the end of the session.
NOTE: Copyright (c) 2016 by SAS Institute Inc., Cary, NC, USA. 
NOTE: SAS (r) Proprietary Software 9.4 (TS1M5) 
      Licensed to BOSTON UNIVERSITY - SFA T&R, Site 70084216.
NOTE: This session is executing on the Linux 3.10.0-1160.25.1.el7.x86_64 (LIN X64) platform.



NOTE: Updated analytical products:
      
      SAS/STAT 14.3
      SAS/ETS 14.3
      SAS/OR 14.3
      SAS/IML 14.3
      SAS/QC 14.3

NOTE: Additional host information:

 Linux LIN X64 3.10.0-1160.25.1.el7.x86_64 #1 SMP Wed Apr 28 21:49:45 UTC 2021 x86_64 CentOS Linux release 7.9.2009 (Core) 

You are running SAS 9. Some SAS 8 files will be automatically converted 
by the V9 engine; others are incompatible.  Please see 
http://support.sas.com/rnd/migration/planning/platform/64bit.html

PROC MIGRATE will preserve current SAS file attributes and is 
recommended for converting all your SAS libraries from any 
SAS 8 release to SAS 9.  For details and examples, please see
http://support.sas.com/rnd/migration/index.html


This message is contained in the SAS news file, and is presented upon
initialization.  Edit the file "news" in the "misc/base" directory to
display site-specific news and information in the program log.
The command line option "-nonews" will prevent this display.




NOTE: SAS initialization used:
      real time           4.18 seconds
      cpu time            0.07 seconds
      
1          /*
2          *========================================================================*
3          * Program:   Identifying family risk from diagnosis (HCC_12)             *
4          *                                                                        *
5          * Purpose:   This code identifies non-sample individuals diagnosed 	 *
6          * 		with an HCC in 2007. Then, calculates the rate at which  *
7          *		other family members are diagnosed in next 10 years.     *
8          *                                                                        *
9          * Note: This file							 *
10         * Author:    Alex Hoagland	                                         *
2                                                          The SAS System                                20:21 Tuesday, May 25, 2021

11         *            Boston University				                 *
12         *									 *
13         * Created:   October, 2020		                                 *
14         * Updated:  		                                                 *
15         *========================================================================*;
16         */
17         
18         *Set libraries;
19         libname in '/projectnb2/marketscan' access=readonly;
NOTE: Libref IN was successfully assigned as follows: 
      Engine:        V9 
      Physical Name: /projectnb2/marketscan
20         libname out '/project/caretaking/IdentifyPHat/';
NOTE: Libref OUT was successfully assigned as follows: 
      Engine:        V9 
      Physical Name: /project/caretaking/IdentifyPHat
21         
22         /*------------------------------------------------------------------------*
23          * 		ORDER OF OPERATIONS					  *
24          * 0. Identify all with HCC_12 claims in 2006-2018			  *
25          * 1. Pull enrollment files for all families in (0.)			  *
26          * 2. The rest is done in stata						  *
27          *------------------------------------------------------------------------*/;
28         
29         
30         /* --- 0. All Diabetics, 2006 - 2018 -----------------------------------------*/;
31         data out.allclaims_hcc12_2006;
32            set in.ms_o_2006(keep=enrolid age sex year dx1 dx2 svcdate) in.ms_s_2006(keep=enrolid age sex year dx1 dx2 svcdate);
NOTE: Data file IN.MS_S_2006.DATA is in a format that is native to another host, or the file encoding does not match the session 
      encoding. Cross Environment Data Access will be used, which might require additional CPU resources and might reduce 
      performance.
33         
34            if dx1 in: ('C4A0', 'C4A10', 'C4A11', 'C4A12', 'C4A20', 'C4A21', 'C4A22', 'C4A30', 'C4A31', 'C4A39', 'C4A4', 'C4A51',
34       ! 'C4A52', 'C4A59', 'C4A60', 'C4A61', 'C4A62',
35         		'C4A70', 'C4A71', 'C4A72', 'C4A8', 'C4A9', 'C50011', 'C50012', 'C50019', 'C50021', 'C50022', 'C50029', 'C50111',
35       ! 'C50112', 'C50119', 'C50121', 'C50122',
36         		'C50129', 'C50211', 'C50212', 'C50219', 'C50221', 'C50222', 'C50229', 'C50311', 'C50312', 'C50319', 'C50321', 'C50322',
36       !  'C50329', 'C50411', 'C50412',
37         		'C50419', 'C50421', 'C50422', 'C50429', 'C50511', 'C50512', 'C50519', 'C50521', 'C50522', 'C50529', 'C50611', 'C50612',
37       !  'C50619', 'C50621', 'C50622',
38         		'C50629', 'C50811', 'C50812', 'C50819', 'C50821', 'C50822', 'C50829', 'C50911', 'C50912', 'C50919', 'C50921', 'C50922',
38       !  'C50929', 'C510', 'C511', 'C512',
39         		'C518', 'C519', 'C52', 'C530', 'C531', 'C538', 'C539', 'C540', 'C541', 'C542', 'C543', 'C548', 'C549', 'C55', 'C577',
39       ! 'C578', 'C579', 'C61', 'C661',
40         		'C662', 'C669', 'C670', 'C671', 'C672', 'C673', 'C674', 'C675', 'C676', 'C677', 'C678', 'C679', 'C680', 'C681', 'C688',
40       !  'C689', 'C6900', 'C6901',
41         		'C6902', 'C6910', 'C6911', 'C6912', 'C6920', 'C6921', 'C6922', 'C6930', 'C6931', 'C6932', 'C6940', 'C6941', 'C6942',
41       ! 'C6950', 'C6951', 'C6952', 'C6960',
42         		'C6961', 'C6962', 'C6980', 'C6981', 'C6982', 'C6990', 'C6991', 'C6992', 'C760', 'C761', 'C762', 'C763', 'C7640',
42       ! 'C7641', 'C7642', 'C7650', 'C7651',
43         		'C7652', 'C768', 'C7A00', 'C7A010', 'C7A011', 'C7A012', 'C7A019', 'C7A020', 'C7A021', 'C7A022', 'C7A023', 'C7A024',
43       ! 'C7A025', 'C7A026', 'C7A029',
44         		'C7A090', 'C7A091', 'C7A092', 'C7A093', 'C7A094', 'C7A095', 'C7A096', 'C7A098', 'C7A1', 'C7A8', 'C802', 'C8100',
44       ! 'C8101', 'C8102', 'C8103', 'C8104',
45         		'C8105', 'C8106', 'C8107', 'C8108', 'C8109', 'C8110', 'C8111', 'C8112', 'C8113', 'C8114', 'C8115', 'C8116', 'C8117',
45       ! 'C8118', 'C8119', 'C8120', 'C8121',
46         		'C8122', 'C8123', 'C8124', 'C8125', 'C8126', 'C8127', 'C8128', 'C8129', 'C8130', 'C8131', 'C8132', 'C8133', 'C8134',
46       ! 'C8135', 'C8136', 'C8137', 'C8138',
3                                                          The SAS System                                20:21 Tuesday, May 25, 2021

47         		'C8139', 'C8140', 'C8141', 'C8142', 'C8143', 'C8144', 'C8145', 'C8146', 'C8147', 'C8148', 'C8149', 'C8170', 'C8171',
47       ! 'C8172', 'C8173', 'C8174', 'C8175',
48         		'C8176', 'C8177', 'C8178', 'C8179', 'C8190', 'C8191', 'C8192', 'C8193', 'C8194', 'C8195', 'C8196', 'C8197', 'C8198',
48       ! 'C8199', 'D1802', 'D320', 'D321',
49         		'D329', 'D330', 'D331', 'D332', 'D333', 'D334', 'D337', 'D339', 'D352', 'D353', 'D354', 'D420', 'D421', 'D429', 'D430',
49       !  'D431', 'D432', 'D433', 'D434',
50         		'D438', 'D439', 'D443', 'D444', 'D445', 'D446', 'D447', 'D496', 'Q851', 'Q858', 'Q859', '1740', '1741', '1742', '1743',
50       !  '1744', '1745', '1746', '1748',
51         		'1749', '1750', '1759', '179', '1800', '1801', '1808', '1809', '1820', '1821', '1828', '1840', '1841', '1842', '1843',
51       ! '1844', '1848', '1849', '185',
52         		'1880', '1881', '1882', '1883', '1884', '1885', '1886', '1887', '1888', '1889', '1892', '1893', '1894', '1898', '1899',
52       !  '1900', '1901', '1902', '1903',
53         		'1904', '1905', '1906', '1907', '1908', '1909', '1950', '1951', '1952', '1953', '1954', '1955', '1958', '1992',
53       ! '20100', '20101', '20102', '20103',
54         		'20104', '20105', '20106', '20107', '20108', '20110', '20111', '20112', '20113', '20114', '20115', '20116', '20117',
54       ! '20118', '20120', '20121', '20122',
55         		'20123', '20124', '20125', '20126', '20127', '20128', '20140', '20141', '20142', '20143', '20144', '20145', '20146',
55       ! '20147', '20148', '20150', '20151',
56         		'20152', '20153', '20154', '20155', '20156', '20157', '20158', '20160', '20161', '20162', '20163', '20164', '20165',
56       ! '20166', '20167', '20168', '20170',
57         		'20171', '20172', '20173', '20174', '20175', '20176', '20177', '20178', '20190', '20191', '20192', '20193', '20194',
57       ! '20195', '20196', '20197', '20198',
58         		'20900', '20901', '20902', '20903', '20910', '20911', '20912', '20913', '20914', '20915', '20916', '20917', '20920',
58       ! '20921', '20922', '20923', '20924',
59         		'20925', '20926', '20927', '20929', '20930', '20931', '20932', '20933', '20934', '20935', '20936', '2250', '2251',
59       ! '2252', '2253', '2254', '2258', '2259',
60         		'2273', '2274', '22802', '2370', '2371', '2373', '2375', '2376', '2379', '2396', '7595', '7596');
61         run;

NOTE: There were 533162372 observations read from the data set IN.MS_O_2006.
NOTE: There were 47022961 observations read from the data set IN.MS_S_2006.
NOTE: The data set OUT.ALLCLAIMS_HCC12_2006 has 7659967 observations and 7 variables.
NOTE: DATA statement used (Total process time):
      real time           1:28:49.50
      cpu time            30:07.90
      

62         
63         * Collapse to enrollee level;
64         proc sql;
65            create table out.allenrollees_hcc12_2006 as
66            select enrolid from out.allclaims_hcc12_2006
67            group by enrolid;
WARNING: A GROUP BY clause has been transformed into an ORDER BY clause because neither the SELECT clause nor the optional HAVING 
         clause of the associated table-expression referenced a summary function.
NOTE: Table OUT.ALLENROLLEES_HCC12_2006 created, with 7659967 rows and 1 columns.

68         quit;
NOTE: PROCEDURE SQL used (Total process time):
      real time           3.20 seconds
      cpu time            3.13 seconds
      

69         
70         data out.allenrollees_hcc12_2006;
71            set out.allenrollees_hcc12_2006;
72         
73            famid = floor(enrolid/100);
4                                                          The SAS System                                20:21 Tuesday, May 25, 2021

74         run;

NOTE: Missing values were generated as a result of performing an operation on missing values.
      Each place is given by: (Number of times) at (Line):(Column).
      2076 at 73:12   2076 at 73:25   
NOTE: There were 7659967 observations read from the data set OUT.ALLENROLLEES_HCC12_2006.
NOTE: The data set OUT.ALLENROLLEES_HCC12_2006 has 7659967 observations and 2 variables.
NOTE: DATA statement used (Total process time):
      real time           1.25 seconds
      cpu time            1.11 seconds
      

75         
76         /* --- 1. Enrollment Info for all involved families -----------------------------------------*/;
77         data out.allenrollment_12_2006;
78            if _N_=1 then do;
79            declare hash ids(dataset:"out.allenrollees_hcc12_2006");
80            ids.definekey('famid');
81            ids.definedone();
82            end;
83         
84            set in.ms_a_2006;
NOTE: Data file IN.MS_A_2006.DATA is in a format that is native to another host, or the file encoding does not match the session 
      encoding. Cross Environment Data Access will be used, which might require additional CPU resources and might reduce 
      performance.
85            famid = floor(enrolid/100);
86            if ids.find()^=0 then delete;
87         run;

NOTE: There were 7659967 observations read from the data set OUT.ALLENROLLEES_HCC12_2006.
NOTE: There were 31857040 observations read from the data set IN.MS_A_2006.
NOTE: The data set OUT.ALLENROLLMENT_12_2006 has 637958 observations and 85 variables.
NOTE: DATA statement used (Total process time):
      real time           2:27.90
      cpu time            2:27.84
      


NOTE: SAS Institute Inc., SAS Campus Drive, Cary, NC USA 27513-2414
NOTE: The SAS System used:
      real time           1:31:27.39
      cpu time            32:40.07
      
